[0, 0, 0] 	0 	TCACACGATTT
[1, 1, 1] 	1 	CACACGATTTT
[2, 2, 2] 	2 	ACACGATTTTG
[3, 3, 3] 	3 	CACGATTTTGT
[4, 4, 4] 	4 	ACGATTTTGTG
[5, 5, 5] 	5 	CGATTTTGTGA
[6, 6, 6] 	6 	GATTTTGTGAG
[7, 7, 7] 	7 	ATTTTGTGAGC
[8, 8, 8] 	8 	TTTTGTGAGCC
[9, 9, 9] 	9 	TTTGTGAGCCT
[10, 10, 10] 	10 	TTGTGAGCCTA
[11, 11, 11] 	11 	TGTGAGCCTAA
[12, 12, 12] 	12 	GTGAGCCTAAG
[13, 13, 13] 	13 	TGAGCCTAAGC
[14, 14, 14] 	14 	GAGCCTAAGCA
[15, 15, 15] 	15 	AGCCTAAGCAA
[16, 16, 16] 	16 	GCCTAAGCAAA
[17, 17, 17] 	17 	CCTAAGCAAAG
[18, 18, 18] 	18 	CTAAGCAAAGC
[19, 19, 19] 	19 	TAAGCAAAGCG
[20, 20, 20] 	20 	AAGCAAAGCGC
[21, 21, 21] 	21 	AGCAAAGCGCA
[22, 22, 22] 	22 	GCAAAGCGCAC
[23, 23, 23] 	23 	CAAAGCGCACG
[24, 24, 24] 	24 	AAAGCGCACGC
[25, 25, 25] 	25 	AAGCGCACGCA
[26, 26, 26] 	26 	AGCGCACGCAG
[27, 27, 27] 	27 	GCGCACGCAGG
[28, 28, 28] 	28 	CGCACGCAGGA
[29, 29, 29] 	29 	GCACGCAGGAG
[30, 30, 30] 	30 	CACGCAGGAGT
[31, 31, 31] 	31 	ACGCAGGAGTT
[32, 32, 32] 	32 	CGCAGGAGTTT
[33, 33, 33] 	33 	GCAGGAGTTTT
[34, 34, 34] 	34 	CAGGAGTTTTC
[35, 35, 35] 	35 	AGGAGTTTTCG
[36, 36, 36] 	36 	GGAGTTTTCGG
[37, 37, 37] 	37 	GAGTTTTCGGA
[38, 38, 38] 	38 	AGTTTTCGGAG
[39, 39, 39] 	39 	GTTTTCGGAGA
[40, 40, 40] 	40 	TTTTCGGAGAG
[41, 41, 41] 	41 	TTTCGGAGAGA
[42, 42, 42] 	42 	TTCGGAGAGAT
[43, 43, 43] 	43 	TCGGAGAGATA
[44, 44, 44] 	44 	CGGAGAGATAG
[45, 45, 45] 	45 	GGAGAGATAGA
[46, 46, 46] 	46 	GAGAGATAGAA
[47, 47, 47] 	47 	AGAGATAGAAA
[48, 48, 48] 	48 	GAGATAGAAAA
[49, 49, 49] 	49 	AGATAGAAAAA
[50, 50, 50] 	50 	GATAGAAAAAT
[51, 51, 51] 	51 	ATAGAAAAATC
[52, 52, 52] 	52 	TAGAAAAATCG
[53, 53, 53] 	53 	AGAAAAATCGT
[54, 54, 54] 	54 	GAAAAATCGTC
[55, 55, 55] 	55 	AAAAATCGTCG
[56, 56, 56] 	56 	AAAATCGTCGC
[277, 57, 57, 57] 	57 	AAATCGTCGCC
[278, 58, 58, 58] 	58 	AATCGTCGCCA
[279, 59, 59, 59] 	59 	ATCGTCGCCAA
[60, 60, 60] 	60 	TCGTCGCCAAT
[61, 61, 61] 	61 	CGTCGCCAATT
[62, 62, 62] 	62 	GTCGCCAATTA
[63, 63, 63] 	63 	TCGCCAATTAA
[168, 168, 64, 64, 64] 	64 	CGCCAATTAAA
[65, 65, 65] 	65 	GCCAATTAAAT
[66, 66, 66] 	66 	CCAATTAAATA
[67, 67, 4004, 67, 4792] 	67 	CAATTAAATAT
[68, 68, 68] 	68 	AATTAAATATT
[69, 69, 69] 	69 	ATTAAATATTT
[70, 70, 3977, 70, 4765] 	70 	TTAAATATTTA
[71, 71, 71] 	71 	TAAATATTTAA
[135, 135, 72, 72, 72] 	72 	AAATATTTAAC
[136, 136, 73, 73, 73] 	73 	AATATTTAACA
[74, 74, 74] 	74 	ATATTTAACAA
[75, 75, 75] 	75 	TATTTAACAAA
[76, 76, 76] 	76 	ATTTAACAAAT
[77, 77, 77] 	77 	TTTAACAAATT
[78] 	78 	TTAACAAATTG
[79] 	79 	TAACAAATTGT
[80] 	80 	AACAAATTGTA
[81] 	81 	ACAAATTGTAA
[82] 	82 	CAAATTGTAAG
[83] 	83 	AAATTGTAAGG
[84] 	84 	AATTGTAAGGC
[85] 	85 	ATTGTAAGGCC
[86] 	86 	TTGTAAGGCCG
[87] 	87 	TGTAAGGCCGA
[88] 	88 	GTAAGGCCGAT
[89] 	89 	TAAGGCCGATA
[90] 	90 	AAGGCCGATAA
[91] 	91 	AGGCCGATAAA
[92] 	92 	GGCCGATAAAC
[93] 	93 	GCCGATAAACA
[94] 	94 	CCGATAAACAA
[95] 	95 	CGATAAACAAT
[96] 	96 	GATAAACAATT
[97] 	97 	ATAAACAATTG
[98] 	98 	TAAACAATTGT
[99] 	99 	AAACAATTGTA
[100] 	100 	AACAATTGTAC
[101] 	101 	ACAATTGTACA
[51, 102] 	102 	CAATTGTACAT
[103] 	103 	AATTGTACATT
[104] 	104 	ATTGTACATTT
[105] 	105 	TTGTACATTTA
[106] 	106 	TGTACATTTAA
[107] 	107 	GTACATTTAAT
[108] 	108 	TACATTTAATA
[109] 	109 	ACATTTAATAT
[110] 	110 	CATTTAATATA
[111] 	111 	ATTTAATATAT
[112] 	112 	TTTAATATATA
[113] 	113 	TTAATATATAT
[114] 	114 	TAATATATATT
[115] 	115 	AATATATATTT
[116] 	116 	ATATATATTTT
[117] 	117 	TATATATTTTC
[118] 	118 	ATATATTTTCT
[119] 	119 	TATATTTTCTG
[120] 	120 	ATATTTTCTGG
[121] 	121 	TATTTTCTGGA
[122] 	122 	ATTTTCTGGAA
[123] 	123 	TTTTCTGGAAG
[124] 	124 	TTTCTGGAAGG
[125] 	125 	TTCTGGAAGGC
[126] 	126 	TCTGGAAGGCT
[127] 	127 	CTGGAAGGCTT
[128] 	128 	TGGAAGGCTTA
[3602, 13320, 13905, 129] 	129 	GGAAGGCTTAT
[130] 	130 	GAAGGCTTATT
[131] 	131 	AAGGCTTATTA
[132] 	132 	AGGCTTATTAC
[133] 	133 	GGCTTATTACC
[134] 	134 	GCTTATTACCG
[135] 	135 	CTTATTACCGA
[136] 	136 	TTATTACCGAT
[137] 	137 	TATTACCGATT
[1099, 1038, 827, 138] 	138 	ATTACCGATTT
[139] 	139 	TTACCGATTTG
[140] 	140 	TACCGATTTGC
[141] 	141 	ACCGATTTGCT
[142] 	142 	CCGATTTGCTC
[143] 	143 	CGATTTGCTCG
[144] 	144 	GATTTGCTCGA
[145] 	145 	ATTTGCTCGAC
[146] 	146 	TTTGCTCGACC
[147] 	147 	TTGCTCGACCT
[148] 	148 	TGCTCGACCTA
[149] 	149 	GCTCGACCTAA
[150] 	150 	CTCGACCTAAG
[151] 	151 	TCGACCTAAGT
[152] 	152 	CGACCTAAGTG
[153] 	153 	GACCTAAGTGT
[154] 	154 	ACCTAAGTGTG
[155] 	155 	CCTAAGTGTGC
[156] 	156 	CTAAGTGTGCG
[157] 	157 	TAAGTGTGCGG
[913, 158] 	158 	AAGTGTGCGGA
[159] 	159 	AGTGTGCGGAC
[160] 	160 	GTGTGCGGACC
[161] 	161 	TGTGCGGACCT
[162] 	162 	GTGCGGACCTA
[163] 	163 	TGCGGACCTAA
[164] 	164 	GCGGACCTAAC
[165] 	165 	CGGACCTAACC
[166] 	166 	GGACCTAACCG
[167] 	167 	GACCTAACCGC
[168] 	168 	ACCTAACCGCA
[169] 	169 	CCTAACCGCAT
[170] 	170 	CTAACCGCATG
[171] 	171 	TAACCGCATGT
[172] 	172 	AACCGCATGTC
[173] 	173 	ACCGCATGTCC
[174] 	174 	CCGCATGTCCA
[175] 	175 	CGCATGTCCAA
[176] 	176 	GCATGTCCAAT
[177] 	177 	CATGTCCAATT
[178] 	178 	ATGTCCAATTT
[179] 	179 	TGTCCAATTTT
[180] 	180 	GTCCAATTTTG
[181] 	181 	TCCAATTTTGG
[182] 	182 	CCAATTTTGGG
[183] 	183 	CAATTTTGGGG
[184] 	184 	AATTTTGGGGC
[185] 	185 	ATTTTGGGGCG
[186] 	186 	TTTTGGGGCGT
[187] 	187 	TTTGGGGCGTG
[1232, 1232, 1452, 188] 	188 	TTGGGGCGTGG
[189] 	189 	TGGGGCGTGGA
[190] 	190 	GGGGCGTGGAC
[270, 382, 191] 	191 	GGGCGTGGACG
[192] 	192 	GGCGTGGACGT
[626, 626, 1824, 193] 	193 	GCGTGGACGTG
[194] 	194 	CGTGGACGTGA
[1056, 195] 	195 	GTGGACGTGAA
[196] 	196 	TGGACGTGAAC
[140, 197] 	197 	GGACGTGAACG
[1614, 1614, 198] 	198 	GACGTGAACGA
[1615, 1615, 199] 	199 	ACGTGAACGAA
[200] 	200 	CGTGAACGAAA
[201] 	201 	GTGAACGAAAG
[202] 	202 	TGAACGAAAGC
[203] 	203 	GAACGAAAGCC
[204] 	204 	AACGAAAGCCG
[205] 	205 	ACGAAAGCCGA
[206] 	206 	CGAAAGCCGAT
[207] 	207 	GAAAGCCGATA
[208] 	208 	AAAGCCGATAA
[209] 	209 	AAGCCGATAAT
[210] 	210 	AGCCGATAATT
[211] 	211 	GCCGATAATTA
[212] 	212 	CCGATAATTAG
[213] 	213 	CGATAATTAGG
[214] 	214 	GATAATTAGGA
[215] 	215 	ATAATTAGGAT
[216] 	216 	TAATTAGGATT
[217] 	217 	AATTAGGATTA
[218] 	218 	ATTAGGATTAA
[219] 	219 	TTAGGATTAAA
[220] 	220 	TAGGATTAAAC
[221] 	221 	AGGATTAAACA
[222] 	222 	GGATTAAACAA
[223] 	223 	GATTAAACAAA
[618, 224] 	224 	ATTAAACAAAG
[619, 225] 	225 	TTAAACAAAGA
[620, 226] 	226 	TAAACAAAGAA
[2727, 2727, 227] 	227 	AAACAAAGAAA
[2728, 2728, 3257, 3257, 2167, 311, 311, 228, 1099] 	228 	AACAAAGAAAA
[3258, 3258, 2168, 229] 	229 	ACAAAGAAAAA
[4250, 13968, 14553, 3259, 3259, 2169, 230] 	230 	CAAAGAAAAAT
[231] 	231 	AAAGAAAAATC
[1209, 1084, 1084, 1057, 1013, 1133, 59, 232] 	232 	AAGAAAAATCA
[60, 233] 	233 	AGAAAAATCAA
[55, 61, 234] 	234 	GAAAAATCAAT
[62, 235] 	235 	AAAAATCAATA
[236] 	236 	AAAATCAATAT
[3843, 237] 	237 	AAATCAATATA
[3844, 238] 	238 	AATCAATATAA
[3845, 239] 	239 	ATCAATATAAA
[240] 	240 	TCAATATAAAG
[35, 241] 	241 	CAATATAAAGT
[242] 	242 	AATATAAAGTG
[243] 	243 	ATATAAAGTGG
[244] 	244 	TATAAAGTGGC
[245] 	245 	ATAAAGTGGCC
[246] 	246 	TAAAGTGGCCG
[247] 	247 	AAAGTGGCCGA
[248] 	248 	AAGTGGCCGAT
[249] 	249 	AGTGGCCGATA
[250] 	250 	GTGGCCGATAT
[251] 	251 	TGGCCGATATT
[252] 	252 	GGCCGATATTG
[253] 	253 	GCCGATATTGT
[254] 	254 	CCGATATTGTT
[2470, 2470, 255] 	255 	CGATATTGTTG
[256] 	256 	GATATTGTTGA
[257] 	257 	ATATTGTTGAA
[258] 	258 	TATTGTTGAAG
[259] 	259 	ATTGTTGAAGT
[260] 	260 	TTGTTGAAGTT
[261] 	261 	TGTTGAAGTTG
[262] 	262 	GTTGAAGTTGC
[263] 	263 	TTGAAGTTGCT
[264] 	264 	TGAAGTTGCTA
[265] 	265 	GAAGTTGCTAT
[266] 	266 	AAGTTGCTATT
[267] 	267 	AGTTGCTATTA
[268] 	268 	GTTGCTATTAA
[269] 	269 	TTGCTATTAAA
[270] 	270 	TGCTATTAAAA
[680, 271] 	271 	GCTATTAAAAG
[272] 	272 	CTATTAAAAGA
[273] 	273 	TATTAAAAGAC
[274] 	274 	ATTAAAAGACA
[259, 275] 	275 	TTAAAAGACAA
[276] 	276 	TAAAAGACAAT
[277] 	277 	AAAAGACAATT
[278] 	278 	AAAGACAATTT
[279] 	279 	AAGACAATTTT
[280] 	280 	AGACAATTTTC
[281] 	281 	GACAATTTTCT
[282] 	282 	ACAATTTTCTA
[283] 	283 	CAATTTTCTAG
[284] 	284 	AATTTTCTAGC
[285] 	285 	ATTTTCTAGCA
[286] 	286 	TTTTCTAGCAT
[287] 	287 	TTTCTAGCATT
[288] 	288 	TTCTAGCATTT
[289] 	289 	TCTAGCATTTC
[290] 	290 	CTAGCATTTCC
[291] 	291 	TAGCATTTCCC
[292] 	292 	AGCATTTCCCT
[293] 	293 	GCATTTCCCTT
[294] 	294 	CATTTCCCTTG
[295] 	295 	ATTTCCCTTGG
[296] 	296 	TTTCCCTTGGC
[297] 	297 	TTCCCTTGGCT
[298] 	298 	TCCCTTGGCTG
[299] 	299 	CCCTTGGCTGC
[300] 	300 	CCTTGGCTGCG
[301] 	301 	CTTGGCTGCGG
[302] 	302 	TTGGCTGCGGA
[303] 	303 	TGGCTGCGGAT
[304] 	304 	GGCTGCGGATT
[305] 	305 	GCTGCGGATTT
[306] 	306 	CTGCGGATTTA
[307] 	307 	TGCGGATTTAA
[308] 	308 	GCGGATTTAAT
[309] 	309 	CGGATTTAATT
[310] 	310 	GGATTTAATTA
[311] 	311 	GATTTAATTAC
[312] 	312 	ATTTAATTACG
[313] 	313 	TTTAATTACGC
[314] 	314 	TTAATTACGCC
[315] 	315 	TAATTACGCCT
[316] 	316 	AATTACGCCTT
[317] 	317 	ATTACGCCTTT
[318] 	318 	TTACGCCTTTG
[319] 	319 	TACGCCTTTGT
[320] 	320 	ACGCCTTTGTG
[321] 	321 	CGCCTTTGTGA
[322] 	322 	GCCTTTGTGAA
[323] 	323 	CCTTTGTGAAA
[324] 	324 	CTTTGTGAAAA
[325] 	325 	TTTGTGAAAAA
[326] 	326 	TTGTGAAAAAT
[327] 	327 	TGTGAAAAATT
[328] 	328 	GTGAAAAATTG
[329] 	329 	TGAAAAATTGT
[330] 	330 	GAAAAATTGTG
[331] 	331 	AAAAATTGTGA
[332] 	332 	AAAATTGTGAA
[333] 	333 	AAATTGTGAAA
[334] 	334 	AATTGTGAAAA
[335] 	335 	ATTGTGAAAAT
[336] 	336 	TTGTGAAAATC
[337] 	337 	TGTGAAAATCA
[338] 	338 	GTGAAAATCAA
[339] 	339 	TGAAAATCAAA
[34, 34, 340] 	340 	GAAAATCAAAA
[341] 	341 	AAAATCAAAAT
[342] 	342 	AAATCAAAATG
[343] 	343 	AATCAAAATGG
[344] 	344 	ATCAAAATGGC
[345] 	345 	TCAAAATGGCG
[346] 	346 	CAAAATGGCGT
[347] 	347 	AAAATGGCGTC
[348] 	348 	AAATGGCGTCA
[349] 	349 	AATGGCGTCAT
[577, 577, 350] 	350 	ATGGCGTCATT
[351] 	351 	TGGCGTCATTG
[352] 	352 	GGCGTCATTGT
[353] 	353 	GCGTCATTGTT
[354] 	354 	CGTCATTGTTG
[355] 	355 	GTCATTGTTGT
[356] 	356 	TCATTGTTGTG
[357] 	357 	CATTGTTGTGT
[358] 	358 	ATTGTTGTGTG
[359] 	359 	TTGTTGTGTGC
[360] 	360 	TGTTGTGTGCG
[361] 	361 	GTTGTGTGCGT
[362] 	362 	TTGTGTGCGTG
[363] 	363 	TGTGTGCGTGG
[364] 	364 	GTGTGCGTGGC
[365] 	365 	TGTGCGTGGCA
[366] 	366 	GTGCGTGGCAA
[367] 	367 	TGCGTGGCAAG
[368] 	368 	GCGTGGCAAGG
[369] 	369 	CGTGGCAAGGC
[370] 	370 	GTGGCAAGGCG
[371] 	371 	TGGCAAGGCGC
[372] 	372 	GGCAAGGCGCT
[373] 	373 	GCAAGGCGCTG
[374] 	374 	CAAGGCGCTGC
[375] 	375 	AAGGCGCTGCC
[376] 	376 	AGGCGCTGCCA
[377] 	377 	GGCGCTGCCAA
[555, 555, 378] 	378 	GCGCTGCCAAC
[379] 	379 	CGCTGCCAACC
[4391, 380] 	380 	GCTGCCAACCT
[381] 	381 	CTGCCAACCTG
[382] 	382 	TGCCAACCTGC
[383] 	383 	GCCAACCTGCT
[384] 	384 	CCAACCTGCTT
[385] 	385 	CAACCTGCTTT
[386] 	386 	AACCTGCTTTA
[387] 	387 	ACCTGCTTTAA
[388] 	388 	CCTGCTTTAAC
[389] 	389 	CTGCTTTAACA
[390] 	390 	TGCTTTAACAG
[391] 	391 	GCTTTAACAGA
[392] 	392 	CTTTAACAGAA
[393] 	393 	TTTAACAGAAA
[394] 	394 	TTAACAGAAAA
[395] 	395 	TAACAGAAAAA
[17519, 396] 	396 	AACAGAAAAAC
[397] 	397 	ACAGAAAAACT
[398] 	398 	CAGAAAAACTA
[399] 	399 	AGAAAAACTAA
[400] 	400 	GAAAAACTAAG
[401] 	401 	AAAAACTAAGT
[402] 	402 	AAAACTAAGTA
[403] 	403 	AAACTAAGTAA
[404] 	404 	AACTAAGTAAC
[405] 	405 	ACTAAGTAACT
[406] 	406 	CTAAGTAACTT
[407] 	407 	TAAGTAACTTT
[408] 	408 	AAGTAACTTTC
[409] 	409 	AGTAACTTTCA
[410] 	410 	GTAACTTTCAC
[411] 	411 	TAACTTTCACA
[845, 412] 	412 	AACTTTCACAT
[413] 	413 	ACTTTCACATT
[414] 	414 	CTTTCACATTT
[415] 	415 	TTTCACATTTT
[416] 	416 	TTCACATTTTG
[417] 	417 	TCACATTTTGC
[418] 	418 	CACATTTTGCT
[419] 	419 	ACATTTTGCTT
[420] 	420 	CATTTTGCTTG
[421] 	421 	ATTTTGCTTGT
[27, 422] 	422 	TTTTGCTTGTA
[423] 	423 	TTTGCTTGTAC
[424] 	424 	TTGCTTGTACC
[425] 	425 	TGCTTGTACCT
[426] 	426 	GCTTGTACCTA
[427] 	427 	CTTGTACCTAA
[428] 	428 	TTGTACCTAAA
[429] 	429 	TGTACCTAAAG
[430] 	430 	GTACCTAAAGT
[431] 	431 	TACCTAAAGTC
[432] 	432 	ACCTAAAGTCA
[433] 	433 	CCTAAAGTCAA
[434] 	434 	CTAAAGTCAAA
[435] 	435 	TAAAGTCAAAT
[436] 	436 	AAAGTCAAATT
[437] 	437 	AAGTCAAATTT
[438] 	438 	AGTCAAATTTG
[439] 	439 	GTCAAATTTGG
[440] 	440 	TCAAATTTGGG
[441] 	441 	CAAATTTGGGT
[472, 442] 	442 	AAATTTGGGTT
[473, 443] 	443 	AATTTGGGTTG
[474, 444] 	444 	ATTTGGGTTGT
[445] 	445 	TTTGGGTTGTA
[446] 	446 	TTGGGTTGTAA
[447] 	447 	TGGGTTGTAAC
[448] 	448 	GGGTTGTAACC
[449] 	449 	GGTTGTAACCA
[450] 	450 	GTTGTAACCAA
[451] 	451 	TTGTAACCAAA
[452] 	452 	TGTAACCAAAA
[1379, 453] 	453 	GTAACCAAAAA
[1380, 454] 	454 	TAACCAAAAAC
[1381, 455] 	455 	AACCAAAAACG
[456] 	456 	ACCAAAAACGA
[457] 	457 	CCAAAAACGAG
[458] 	458 	CAAAAACGAGG
[459] 	459 	AAAAACGAGGT
[460] 	460 	AAAACGAGGTA
[461] 	461 	AAACGAGGTAG
[462] 	462 	AACGAGGTAGA
[463] 	463 	ACGAGGTAGAG
[464] 	464 	CGAGGTAGAGA
[465] 	465 	GAGGTAGAGAG
[466] 	466 	AGGTAGAGAGA
[467] 	467 	GGTAGAGAGAC
[468] 	468 	GTAGAGAGACA
[469] 	469 	TAGAGAGACAT
[470] 	470 	AGAGAGACATT
[471] 	471 	GAGAGACATTT
[472] 	472 	AGAGACATTTG
[473] 	473 	GAGACATTTGT
[474] 	474 	AGACATTTGTG
[6718, 6718, 475] 	475 	GACATTTGTGC
[476] 	476 	ACATTTGTGCT
[477] 	477 	CATTTGTGCTA
[478] 	478 	ATTTGTGCTAC
[479] 	479 	TTTGTGCTACA
[480] 	480 	TTGTGCTACAA
[481] 	481 	TGTGCTACAAA
[482] 	482 	GTGCTACAAAC
[483] 	483 	TGCTACAAACG
[484] 	484 	GCTACAAACGT
[485] 	485 	CTACAAACGTT
[486] 	486 	TACAAACGTTC
[487] 	487 	ACAAACGTTCA
[488] 	488 	CAAACGTTCAG
[489] 	489 	AAACGTTCAGA
[490] 	490 	AACGTTCAGAC
[491] 	491 	ACGTTCAGACG
[492] 	492 	CGTTCAGACGA
[493] 	493 	GTTCAGACGAA
[494] 	494 	TTCAGACGAAC
[495] 	495 	TCAGACGAACG
[496] 	496 	CAGACGAACGC
[497] 	497 	AGACGAACGCA
[498] 	498 	GACGAACGCAT
[499] 	499 	ACGAACGCATG
[500] 	500 	CGAACGCATGT
[501] 	501 	GAACGCATGTT
[502] 	502 	AACGCATGTTT
[503] 	503 	ACGCATGTTTT
[504] 	504 	CGCATGTTTTC
[505] 	505 	GCATGTTTTCG
[506] 	506 	CATGTTTTCGT
[507] 	507 	ATGTTTTCGTA
[508] 	508 	TGTTTTCGTAT
[509] 	509 	GTTTTCGTATC
[510] 	510 	TTTTCGTATCA
[511] 	511 	TTTCGTATCAA
[512] 	512 	TTCGTATCAAT
[513] 	513 	TCGTATCAATA
[514] 	514 	CGTATCAATAC
[515] 	515 	GTATCAATACC
[516] 	516 	TATCAATACCA
[517] 	517 	ATCAATACCAA
[518] 	518 	TCAATACCAAT
[519] 	519 	CAATACCAATA
[520] 	520 	AATACCAATAC
[521] 	521 	ATACCAATACG
[522] 	522 	TACCAATACGT
[523] 	523 	ACCAATACGTC
[524] 	524 	CCAATACGTCG
[525] 	525 	CAATACGTCGT
[526] 	526 	AATACGTCGTA
[527] 	527 	ATACGTCGTAA
[528] 	528 	TACGTCGTAAT
[529] 	529 	ACGTCGTAATA
[530] 	530 	CGTCGTAATAT
[531] 	531 	GTCGTAATATA
[532] 	532 	TCGTAATATAT
[533] 	533 	CGTAATATATA
[534] 	534 	GTAATATATAA
[225, 225, 535] 	535 	TAATATATAAT
[536] 	536 	AATATATAATT
[537] 	537 	ATATATAATTT
[538] 	538 	TATATAATTTT
[539] 	539 	ATATAATTTTC
[540] 	540 	TATAATTTTCG
[541] 	541 	ATAATTTTCGG
[542] 	542 	TAATTTTCGGT
[543] 	543 	AATTTTCGGTT
[544] 	544 	ATTTTCGGTTT
[545] 	545 	TTTTCGGTTTT
[546] 	546 	TTTCGGTTTTC
[547] 	547 	TTCGGTTTTCT
[548] 	548 	TCGGTTTTCTG
[549] 	549 	CGGTTTTCTGA
[550] 	550 	GGTTTTCTGAG
[551] 	551 	GTTTTCTGAGA
[552] 	552 	TTTTCTGAGAG
[553] 	553 	TTTCTGAGAGT
[554] 	554 	TTCTGAGAGTG
[555] 	555 	TCTGAGAGTGG
[556] 	556 	CTGAGAGTGGA
[557] 	557 	TGAGAGTGGAC
[558] 	558 	GAGAGTGGACA
[559] 	559 	AGAGTGGACAG
[560] 	560 	GAGTGGACAGC
[561] 	561 	AGTGGACAGCC
[562] 	562 	GTGGACAGCCT
[563] 	563 	TGGACAGCCTT
[564] 	564 	GGACAGCCTTC
[565] 	565 	GACAGCCTTCA
[566] 	566 	ACAGCCTTCAG
[567] 	567 	CAGCCTTCAGG
[568] 	568 	AGCCTTCAGGG
[569] 	569 	GCCTTCAGGGC
[570] 	570 	CCTTCAGGGCT
[571] 	571 	CTTCAGGGCTG
[572] 	572 	TTCAGGGCTGC
[573] 	573 	TCAGGGCTGCA
[574] 	574 	CAGGGCTGCAC
[575] 	575 	AGGGCTGCACT
[576] 	576 	GGGCTGCACTG
[577] 	577 	GGCTGCACTGG
[578] 	578 	GCTGCACTGGC
[579] 	579 	CTGCACTGGCT
[580] 	580 	TGCACTGGCTT
[581] 	581 	GCACTGGCTTA
[582] 	582 	CACTGGCTTAT
[583] 	583 	ACTGGCTTATC
[584] 	584 	CTGGCTTATCG
[585] 	585 	TGGCTTATCGA
[586] 	586 	GGCTTATCGAT
[587] 	587 	GCTTATCGATT
[588] 	588 	CTTATCGATTA
[589] 	589 	TTATCGATTAC
[590] 	590 	TATCGATTACC
[591] 	591 	ATCGATTACCG
[592] 	592 	TCGATTACCGA
[593] 	593 	CGATTACCGAT
[594] 	594 	GATTACCGATA
[595] 	595 	ATTACCGATAG
[596] 	596 	TTACCGATAGC
[597] 	597 	TACCGATAGCC
[598] 	598 	ACCGATAGCCG
[599] 	599 	CCGATAGCCGC
[600] 	600 	CGATAGCCGCG
[601] 	601 	GATAGCCGCGA
[602] 	602 	ATAGCCGCGAG
[603] 	603 	TAGCCGCGAGC
[604] 	604 	AGCCGCGAGCA
[605] 	605 	GCCGCGAGCAC
[606] 	606 	CCGCGAGCACA
[607] 	607 	CGCGAGCACAC
[608] 	608 	GCGAGCACACG
[609] 	609 	CGAGCACACGT
[610] 	610 	GAGCACACGTC
[611] 	611 	AGCACACGTCC
[612] 	612 	GCACACGTCCG
[613] 	613 	CACACGTCCGA
[614] 	614 	ACACGTCCGAA
[615] 	615 	CACGTCCGAAT
[616] 	616 	ACGTCCGAATT
[617] 	617 	CGTCCGAATTT
[618] 	618 	GTCCGAATTTC
[619] 	619 	TCCGAATTTCA
[620] 	620 	CCGAATTTCAT
[621] 	621 	CGAATTTCATC
[622] 	622 	GAATTTCATCA
[623] 	623 	AATTTCATCAG
[624] 	624 	ATTTCATCAGT
[625] 	625 	TTTCATCAGTG
[626] 	626 	TTCATCAGTGC
[627] 	627 	TCATCAGTGCC
[628] 	628 	CATCAGTGCCT
[629] 	629 	ATCAGTGCCTG
[630] 	630 	TCAGTGCCTGA
[631] 	631 	CAGTGCCTGAA
[632] 	632 	AGTGCCTGAAA
[633] 	633 	GTGCCTGAAAA
[634] 	634 	TGCCTGAAAAA
[635] 	635 	GCCTGAAAAAA
[636] 	636 	CCTGAAAAAAT
[637] 	637 	CTGAAAAAATC
[638] 	638 	TGAAAAAATCG
[639] 	639 	GAAAAAATCGC
[640] 	640 	AAAAAATCGCA
[641] 	641 	AAAAATCGCAA
[642] 	642 	AAAATCGCAAC
[643] 	643 	AAATCGCAACG
[644] 	644 	AATCGCAACGC
[645] 	645 	ATCGCAACGCG
[646] 	646 	TCGCAACGCGT
[647] 	647 	CGCAACGCGTA
[648] 	648 	GCAACGCGTAA
[649] 	649 	CAACGCGTAAA
[650] 	650 	AACGCGTAAAA
[651] 	651 	ACGCGTAAAAC
[652] 	652 	CGCGTAAAACA
[653] 	653 	GCGTAAAACAC
[654] 	654 	CGTAAAACACG
[655] 	655 	GTAAAACACGT
[656] 	656 	TAAAACACGTT
[657] 	657 	AAAACACGTTT
[4924, 4738, 658] 	658 	AAACACGTTTT
[18725, 4925, 4739, 659] 	659 	AACACGTTTTC
[4926, 4740, 660] 	660 	ACACGTTTTCT
[661] 	661 	CACGTTTTCTG
[662] 	662 	ACGTTTTCTGC
[663] 	663 	CGTTTTCTGCA
[664] 	664 	GTTTTCTGCAG
[665] 	665 	TTTTCTGCAGC
[666] 	666 	TTTCTGCAGCT
[667] 	667 	TTCTGCAGCTC
[668] 	668 	TCTGCAGCTCC
[669] 	669 	CTGCAGCTCCA
[670] 	670 	TGCAGCTCCAA
[671] 	671 	GCAGCTCCAAA
[672] 	672 	CAGCTCCAAAA
[673] 	673 	AGCTCCAAAAC
[674] 	674 	GCTCCAAAACA
[675] 	675 	CTCCAAAACAA
[676] 	676 	TCCAAAACAAA
[677] 	677 	CCAAAACAAAA
[678] 	678 	CAAAACAAAAA
[18470, 4066, 2976, 679] 	679 	AAAACAAAAAA
[680] 	680 	AAACAAAAAAC
[681] 	681 	AACAAAAAACA
[682] 	682 	ACAAAAAACAA
[683] 	683 	CAAAAAACAAA
[18468, 3327, 4576, 2237, 3486, 200, 200, 684] 	684 	AAAAAACAAAA
[3328, 2238, 201, 201, 685] 	685 	AAAAACAAAAC
[17212, 3329, 4043, 2239, 2953, 202, 202, 3168, 686] 	686 	AAAACAAAACA
[2740, 2513, 2513, 687] 	687 	AAACAAAACAT
[2741, 2514, 2514, 688] 	688 	AACAAAACATT
[689] 	689 	ACAAAACATTC
[690] 	690 	CAAAACATTCA
[691] 	691 	AAAACATTCAA
[692] 	692 	AAACATTCAAG
[693] 	693 	AACATTCAAGC
[694] 	694 	ACATTCAAGCG
[695] 	695 	CATTCAAGCGG
[696] 	696 	ATTCAAGCGGA
[421, 697] 	697 	TTCAAGCGGAG
[698] 	698 	TCAAGCGGAGG
[699] 	699 	CAAGCGGAGGG
[700] 	700 	AAGCGGAGGGA
[701] 	701 	AGCGGAGGGAT
[702] 	702 	GCGGAGGGATT
[703] 	703 	CGGAGGGATTA
[363, 1565, 704] 	704 	GGAGGGATTAT
[364, 1566, 705] 	705 	GAGGGATTATT
[706] 	706 	AGGGATTATTG
[707] 	707 	GGGATTATTGG
[708] 	708 	GGATTATTGGT
[709] 	709 	GATTATTGGTT
[710] 	710 	ATTATTGGTTT
[711] 	711 	TTATTGGTTTA
[712] 	712 	TATTGGTTTAC
[713] 	713 	ATTGGTTTACT
[714] 	714 	TTGGTTTACTG
[715] 	715 	TGGTTTACTGC
[716] 	716 	GGTTTACTGCC
[717] 	717 	GTTTACTGCCA
[718] 	718 	TTTACTGCCAG
[719] 	719 	TTACTGCCAGT
[720] 	720 	TACTGCCAGTT
[721] 	721 	ACTGCCAGTTG
[722] 	722 	CTGCCAGTTGA
[723] 	723 	TGCCAGTTGAG
[724] 	724 	GCCAGTTGAGA
[725] 	725 	CCAGTTGAGAC
[397, 726] 	726 	CAGTTGAGACA
[727] 	727 	AGTTGAGACAA
[728] 	728 	GTTGAGACAAT
[729] 	729 	TTGAGACAATA
[730] 	730 	TGAGACAATAA
[731] 	731 	GAGACAATAAA
[732] 	732 	AGACAATAAAA
[733] 	733 	GACAATAAAAT
[734] 	734 	ACAATAAAATA
[735] 	735 	CAATAAAATAA
[736] 	736 	AATAAAATAAC
[1071, 951, 737] 	737 	ATAAAATAACA
[738] 	738 	TAAAATAACAG
[739] 	739 	AAAATAACAGC
[740] 	740 	AAATAACAGCA
[741] 	741 	AATAACAGCAT
[742] 	742 	ATAACAGCATT
[743] 	743 	TAACAGCATTT
[744] 	744 	AACAGCATTTA
[745] 	745 	ACAGCATTTAT
[746] 	746 	CAGCATTTATC
[747] 	747 	AGCATTTATCA
[748] 	748 	GCATTTATCAT
[749] 	749 	CATTTATCATA
[750] 	750 	ATTTATCATAT
[751] 	751 	TTTATCATATT
[752] 	752 	TTATCATATTT
[753] 	753 	TATCATATTTT
[2727, 2500, 2500, 754] 	754 	ATCATATTTTG
[2728, 2501, 2501, 755] 	755 	TCATATTTTGG
[756] 	756 	CATATTTTGGC
[757] 	757 	ATATTTTGGCG
[758] 	758 	TATTTTGGCGC
[759] 	759 	ATTTTGGCGCT
[760] 	760 	TTTTGGCGCTG
[761] 	761 	TTTGGCGCTGC
[762] 	762 	TTGGCGCTGCT
[763] 	763 	TGGCGCTGCTG
[764] 	764 	GGCGCTGCTGC
[765] 	765 	GCGCTGCTGCT
[766] 	766 	CGCTGCTGCTG
[767] 	767 	GCTGCTGCTGG
[1301, 1301, 768] 	768 	CTGCTGCTGGA
[769] 	769 	TGCTGCTGGAA
[770] 	770 	GCTGCTGGAAT
[771] 	771 	CTGCTGGAATT
[772] 	772 	TGCTGGAATTT
[773] 	773 	GCTGGAATTTA
[774] 	774 	CTGGAATTTAT
[775] 	775 	TGGAATTTATT
[776] 	776 	GGAATTTATTT
[777] 	777 	GAATTTATTTA
[778] 	778 	AATTTATTTAA
[779] 	779 	ATTTATTTAAT
[780] 	780 	TTTATTTAATA
[781] 	781 	TTATTTAATAC
[782] 	782 	TATTTAATACT
[783] 	783 	ATTTAATACTC
[784] 	784 	TTTAATACTCG
[785] 	785 	TTAATACTCGT
[786] 	786 	TAATACTCGTC
[787] 	787 	AATACTCGTCT
[788] 	788 	ATACTCGTCTT
[789] 	789 	TACTCGTCTTA
[790] 	790 	ACTCGTCTTAA
[791] 	791 	CTCGTCTTAAA
[792] 	792 	TCGTCTTAAAA
[793] 	793 	CGTCTTAAAAG
[794] 	794 	GTCTTAAAAGT
[795] 	795 	TCTTAAAAGTG
[796] 	796 	CTTAAAAGTGA
[18695, 797] 	797 	TTAAAAGTGAA
[18696, 798] 	798 	TAAAAGTGAAT
[799] 	799 	AAAAGTGAATT
[800] 	800 	AAAGTGAATTG
[801] 	801 	AAGTGAATTGT
[802] 	802 	AGTGAATTGTA
[803] 	803 	GTGAATTGTAG
[804] 	804 	TGAATTGTAGG
[805] 	805 	GAATTGTAGGG
[806] 	806 	AATTGTAGGGA
[807] 	807 	ATTGTAGGGAT
[808] 	808 	TTGTAGGGATA
[809] 	809 	TGTAGGGATAT
[810] 	810 	GTAGGGATATA
[811] 	811 	TAGGGATATAG
[812] 	812 	AGGGATATAGC
[813] 	813 	GGGATATAGCA
[814] 	814 	GGATATAGCAA
[815] 	815 	GATATAGCAAA
[738, 738, 816] 	816 	ATATAGCAAAA
[817] 	817 	TATAGCAAAAT
[818] 	818 	ATAGCAAAATT
[819] 	819 	TAGCAAAATTT
[820] 	820 	AGCAAAATTTT
[821] 	821 	GCAAAATTTTA
[822] 	822 	CAAAATTTTAT
[823] 	823 	AAAATTTTATC
[824] 	824 	AAATTTTATCC
[825] 	825 	AATTTTATCCT
[826] 	826 	ATTTTATCCTG
[827] 	827 	TTTTATCCTGC
[828] 	828 	TTTATCCTGCT
[829] 	829 	TTATCCTGCTA
[830] 	830 	TATCCTGCTAA
[831] 	831 	ATCCTGCTAAA
[832] 	832 	TCCTGCTAAAT
[833] 	833 	CCTGCTAAATT
[834] 	834 	CTGCTAAATTT
[835] 	835 	TGCTAAATTTG
[836] 	836 	GCTAAATTTGT
[837] 	837 	CTAAATTTGTT
[838] 	838 	TAAATTTGTTC
[839] 	839 	AAATTTGTTCT
[840] 	840 	AATTTGTTCTC
[841] 	841 	ATTTGTTCTCA
[842] 	842 	TTTGTTCTCAG
[843] 	843 	TTGTTCTCAGA
[844] 	844 	TGTTCTCAGAC
[845] 	845 	GTTCTCAGACT
[846] 	846 	TTCTCAGACTG
[847] 	847 	TCTCAGACTGG
[848] 	848 	CTCAGACTGGT
[849] 	849 	TCAGACTGGTG
[850] 	850 	CAGACTGGTGT
[851] 	851 	AGACTGGTGTT
[852] 	852 	GACTGGTGTTT
[853] 	853 	ACTGGTGTTTT
[854] 	854 	CTGGTGTTTTC
[855] 	855 	TGGTGTTTTCT
[856] 	856 	GGTGTTTTCTC
[857] 	857 	GTGTTTTCTCC
[858] 	858 	TGTTTTCTCCT
[859] 	859 	GTTTTCTCCTA
[860] 	860 	TTTTCTCCTAT
[861] 	861 	TTTCTCCTATT
[862] 	862 	TTCTCCTATTT
[863] 	863 	TCTCCTATTTT
[864] 	864 	CTCCTATTTTA
[865] 	865 	TCCTATTTTAG
[866] 	866 	CCTATTTTAGA
[867] 	867 	CTATTTTAGAT
[868] 	868 	TATTTTAGATA
[869] 	869 	ATTTTAGATAC
[870] 	870 	TTTTAGATACT
[871] 	871 	TTTAGATACTA
[872] 	872 	TTAGATACTAT
[873] 	873 	TAGATACTATT
[874] 	874 	AGATACTATTG
[875] 	875 	GATACTATTGC
[88, 88, 876] 	876 	ATACTATTGCA
[13421, 13475, 89, 89, 877] 	877 	TACTATTGCAG
[90, 90, 878] 	878 	ACTATTGCAGT
[91, 91, 879] 	879 	CTATTGCAGTC
[92, 92, 880] 	880 	TATTGCAGTCC
[93, 93, 881] 	881 	ATTGCAGTCCT
[94, 94, 882] 	882 	TTGCAGTCCTT
[95, 95, 883] 	883 	TGCAGTCCTTG
[96, 96, 884] 	884 	GCAGTCCTTGA
[97, 97, 885] 	885 	CAGTCCTTGAA
[98, 98, 886] 	886 	AGTCCTTGAAA
[99, 99, 887] 	887 	GTCCTTGAAAA
[100, 100, 888] 	888 	TCCTTGAAAAA
[101, 101, 889] 	889 	CCTTGAAAAAG
[102, 102, 890] 	890 	CTTGAAAAAGC
[2243, 2243, 103, 103, 891] 	891 	TTGAAAAAGCG
[104, 104, 892] 	892 	TGAAAAAGCGA
[105, 105, 893] 	893 	GAAAAAGCGAA
[106, 106, 894] 	894 	AAAAAGCGAAT
[107, 107, 895] 	895 	AAAAGCGAATT
[108, 108, 896] 	896 	AAAGCGAATTC
[109, 109, 897] 	897 	AAGCGAATTCT
[110, 110, 898] 	898 	AGCGAATTCTT
[111, 111, 899] 	899 	GCGAATTCTTA
[112, 112, 900] 	900 	CGAATTCTTAT
[113, 113, 901] 	901 	GAATTCTTATG
[114, 114, 902] 	902 	AATTCTTATGG
[115, 115, 903] 	903 	ATTCTTATGGA
[116, 116, 904] 	904 	TTCTTATGGAA
[117, 117, 905] 	905 	TCTTATGGAAT
[118, 118, 906] 	906 	CTTATGGAATT
[119, 119, 907] 	907 	TTATGGAATTA
[120, 120, 908] 	908 	TATGGAATTAC
[121, 121, 909] 	909 	ATGGAATTACG
[122, 122, 910] 	910 	TGGAATTACGT
[123, 123, 911] 	911 	GGAATTACGTA
[124, 124, 912] 	912 	GAATTACGTAA
[125, 125, 913] 	913 	AATTACGTAAT
[126, 126, 914] 	914 	ATTACGTAATC
[127, 127, 915] 	915 	TTACGTAATCA
[128, 128, 916] 	916 	TACGTAATCAG
[129, 129, 917] 	917 	ACGTAATCAGT
[130, 130, 918] 	918 	CGTAATCAGTG
[131, 131, 919] 	919 	GTAATCAGTGG
[132, 132, 920] 	920 	TAATCAGTGGA
[133, 133, 921] 	921 	AATCAGTGGAA
[134, 134, 922] 	922 	ATCAGTGGAAA
[135, 135, 923] 	923 	TCAGTGGAAAT
[136, 136, 924] 	924 	CAGTGGAAATT
[137, 137, 925] 	925 	AGTGGAAATTT
[138, 138, 926] 	926 	GTGGAAATTTA
[4518, 139, 139, 927] 	927 	TGGAAATTTAG
[140, 140, 928] 	928 	GGAAATTTAGT
[141, 141, 929] 	929 	GAAATTTAGTA
[142, 142, 930] 	930 	AAATTTAGTAT
[143, 143, 931] 	931 	AATTTAGTATC
[144, 144, 932] 	932 	ATTTAGTATCT
[145, 145, 933] 	933 	TTTAGTATCTA
[146, 146, 934] 	934 	TTAGTATCTAT
[147, 147, 935] 	935 	TAGTATCTATT
[148, 148, 936] 	936 	AGTATCTATTA
[2614, 2387, 2387, 149, 149, 937] 	937 	GTATCTATTAA
[150, 150, 938] 	938 	TATCTATTAAG
[151, 151, 939] 	939 	ATCTATTAAGA
[152, 152, 940] 	940 	TCTATTAAGAC
[153, 153, 941] 	941 	CTATTAAGACA
[154, 154, 942] 	942 	TATTAAGACAC
[155, 155, 943] 	943 	ATTAAGACACC
[156, 156, 944] 	944 	TTAAGACACCC
[157, 157, 945] 	945 	TAAGACACCCA
[158, 158, 946] 	946 	AAGACACCCAT
[159, 159, 947] 	947 	AGACACCCATA
[160, 160, 948] 	948 	GACACCCATAC
[161, 161, 949] 	949 	ACACCCATACC
[162, 162, 950] 	950 	CACCCATACCA
[163, 163, 951] 	951 	ACCCATACCAA
[164, 164, 952] 	952 	CCCATACCAAC
[165, 165, 953] 	953 	CCATACCAACA
[166, 166, 954] 	954 	CATACCAACAA
[167, 167, 955] 	955 	ATACCAACAAA
[168, 168, 956] 	956 	TACCAACAAAA
[169, 169, 957] 	957 	ACCAACAAAAG
[170, 170, 958] 	958 	CCAACAAAAGC
[171, 171, 959] 	959 	CAACAAAAGCG
[172, 172, 960] 	960 	AACAAAAGCGA
[173, 173, 961] 	961 	ACAAAAGCGAG
[174, 174, 962] 	962 	CAAAAGCGAGT
[175, 175, 963] 	963 	AAAAGCGAGTG
[176, 176, 964] 	964 	AAAGCGAGTGT
[177, 177, 965] 	965 	AAGCGAGTGTC
[178, 178, 966] 	966 	AGCGAGTGTCG
[179, 179, 967] 	967 	GCGAGTGTCGG
[180, 180, 968] 	968 	CGAGTGTCGGT
[181, 181, 969] 	969 	GAGTGTCGGTG
[182, 182, 970] 	970 	AGTGTCGGTGC
[183, 183, 971] 	971 	GTGTCGGTGCA
[184, 184, 972] 	972 	TGTCGGTGCAC
[185, 185, 973] 	973 	GTCGGTGCACA
[186, 186, 974] 	974 	TCGGTGCACAC
[187, 187, 975] 	975 	CGGTGCACACA
[188, 188, 976] 	976 	GGTGCACACAC
[189, 189, 977] 	977 	GTGCACACACG
[190, 190, 978] 	978 	TGCACACACGC
[191, 191, 979] 	979 	GCACACACGCA
[192, 192, 980] 	980 	CACACACGCAC
[193, 193, 981] 	981 	ACACACGCACG
[194, 194, 982] 	982 	CACACGCACGA
[195, 195, 983] 	983 	ACACGCACGAT
[196, 196, 984] 	984 	CACGCACGATC
[197, 197, 985] 	985 	ACGCACGATCC
[198, 198, 986] 	986 	CGCACGATCCA
[199, 199, 987] 	987 	GCACGATCCAA
[200, 200, 988] 	988 	CACGATCCAAC
[201, 201, 989] 	989 	ACGATCCAACA
[202, 202, 990] 	990 	CGATCCAACAC
[203, 203, 991] 	991 	GATCCAACACA
[204, 204, 992] 	992 	ATCCAACACAC
[205, 205, 993] 	993 	TCCAACACACG
[206, 206, 994] 	994 	CCAACACACGC
[207, 207, 995] 	995 	CAACACACGCG
[208, 208, 996] 	996 	AACACACGCGC
[209, 209, 997] 	997 	ACACACGCGCA
[210, 210, 998] 	998 	CACACGCGCAC
[1420, 1420, 2618, 211, 211, 999] 	999 	ACACGCGCACA
