t_id	chr	strand	start	end	t_name	num_exons	length	gene_id	gene_name	cov	FPKM 	*
1	211000022278158	+	592	1036	FBtr0114187	1	445	FBgn0085737	CR40502	0.106966	0.160758 	*
2	211000022278279	-	11634	12709	FBtr0347033	1	1076	FBgn0267594	CR45932	0.000000	0.000000 	*
3	211000022278282	+	518	2511	FBtr0114261	1	1994	FBgn0085807	CR41590	0.050150	0.075370 	*
4	211000022278298	+	648	1614	FBtr0114196	1	967	FBgn0085746	CR40571	0.000000	0.000000 	*
5	211000022278307	-	1	824	FBtr0114201	1	824	FBgn0085751	CR40582	0.000000	0.000000 	*
6	211000022278309	+	1	1110	FBtr0114198	1	1110	FBgn0085748	CR40573	0.000000	0.000000 	*
7	211000022278436	-	1551	2815	FBtr0300146	1	1265	FBgn0259849	Su(Ste):CR42418	0.000000	0.000000 	*
8	211000022278449	-	528	1635	FBtr0308947	2	1051	FBgn0085494	Mst77Y-16Psi	0.000000	0.000000 	*
9	211000022278498	-	13189	13940	FBtr0114286	1	752	FBgn0085828	CR42195	5.099113	7.663376 	*
10	211000022278522	-	390	2086	FBtr0114194	1	1697	FBgn0085744	CR40561	0.000000	0.000000 	*
11	211000022278603	-	1	834	FBtr0114206	1	834	FBgn0085756	CR40613	0.000000	0.000000 	*
12	211000022278604	+	1	265	FBtr0114202	1	265	FBgn0085752	CR40594	0.000000	0.000000 	*
13	211000022278664	-	1	1088	FBtr0114205	1	1088	FBgn0085755	CR40611	0.000000	0.000000 	*
14	211000022278724	-	930	2904	FBtr0114259	1	1975	FBgn0085805	CR41583	0.095190	0.143060 	*
15	211000022278750	+	1	1134	FBtr0114207	1	1134	FBgn0085757	CR40621	0.601293	0.903674 	*
16	211000022278760	-	562	879	FBtr0302344	2	264	FBgn0085506	CG40635	0.000000	0.000000 	*
17	211000022278875	+	1	2099	FBtr0114274	1	2099	FBgn0085816	CR41606	0.000000	0.000000 	*
18	211000022278877	+	1	549	FBtr0114208	1	549	FBgn0085758	CR40639	0.465574	0.699704 	*
19	211000022278878	+	1	569	FBtr0114209	1	569	FBgn0085759	CR40640	9.932105	14.926803 	*
20	211000022278879	+	1	559	FBtr0114210	1	559	FBgn0085760	CR40641	0.000000	0.000000 	*
21	211000022278880	+	1	540	FBtr0114253	1	540	FBgn0085799	CR41544	0.133333	0.200384 	*
22	211000022278985	-	497	1020	FBtr0114284	1	524	FBgn0085826	CR41620	0.000000	0.000000 	*
23	211000022279055	+	384	1123	FBtr0114214	1	740	FBgn0085764	CR40668	4.399550	6.612014 	*
24	211000022279108	+	1	566	FBtr0114211	1	566	FBgn0085761	CR40642	0.366078	0.550173 	*
25	211000022279132	+	1	1005	FBtr0114283	1	1005	FBgn0085825	CR41619	4.447728	6.684420 	*
26	211000022279134	+	1	1012	FBtr0114216	1	1012	FBgn0085766	CR40679	0.511199	0.768273 	*
27	211000022279165	-	14	1118	FBtr0300167	1	1105	FBgn0259870	Su(Ste):CR42439	0.000000	0.000000 	*
28	211000022279188	+	1449	2180	FBtr0300105	3	615	FBgn0259817	SteXh:CG42398	0.000000	0.000000 	*
29	211000022279222	+	1	506	FBtr0114218	1	506	FBgn0085768	CR40712	5.794104	8.707868 	*
30	211000022279264	-	180	614	FBtr0304147	1	435	FBgn0085511	CR40719	0.036782	0.055279 	*
31	211000022279342	+	1	530	FBtr0114222	1	530	FBgn0085772	CR40743	0.000000	0.000000 	*
32	211000022279392	-	1	1356	FBtr0300161	1	1356	FBgn0259864	Su(Ste):CR42433	0.000000	0.000000 	*
33	211000022279446	+	1	1266	FBtr0114275	1	1266	FBgn0085817	CR41607	0.000000	0.000000 	*
34	211000022279528	+	2	463	FBtr0114285	1	462	FBgn0085827	CR41621	0.000000	0.000000 	*
35	211000022279529	+	1	838	FBtr0114223	1	838	FBgn0085773	CR40766	0.952983	1.432223 	*
36	211000022279531	-	626	1200	FBtr0114280	1	575	FBgn0085822	CR41613	6.255507	9.401302 	*
37	211000022279555	-	51	1080	FBtr0114257	1	1030	FBgn0085803	CR41550	0.055049	0.082732 	*
38	211000022279681	+	401	1054	FBtr0300134	1	654	FBgn0259837	Su(Ste):CR42406	0.000000	0.000000 	*
39	211000022279708	+	608	1275	FBtr0114249	1	668	FBgn0085795	CR41535	5.302769	7.969448 	*
40	211000022280133	-	220	2161	FBtr0114262	1	1942	FBgn0085808	CR41591	0.000000	0.000000 	*
41	211000022280328	-	7386	9527	FBtr0347010	4	1428	FBgn0085692	CG41561	0.000000	0.000000 	*
42	211000022280341	-	1	740	FBtr0347034	1	740	FBgn0267595	CR45933	0.000000	0.000000 	*
43	211000022280347	-	7	354	FBtr0302352	1	348	FBgn0085540	CR40947	0.000000	0.000000 	*
44	211000022280481	+	1230	2419	FBtr0300141	1	1190	FBgn0259842	Su(Ste):CR42411	0.000000	0.000000 	*
45	211000022280494	-	1	1443	FBtr0300139	1	1443	FBgn0259839	Su(Ste):CR42408	0.000000	0.000000 	*
46	211000022280494	-	2048	3374	FBtr0300138	1	1327	FBgn0259840	Su(Ste):CR42409	0.000000	0.000000 	*
47	211000022280645	+	1	765	FBtr0114228	1	765	FBgn0085777	CR40959	0.290980	0.437309 	*
48	211000022280703	+	699	1770	FBtr0347035	1	1072	FBgn0267596	CR45934	0.000000	0.000000 	*
49	2L	+	7529	9484	FBtr0300689	2	1880	FBgn0031208	CG11023	0.145213	0.218238 	*
50	2L	+	7529	9484	FBtr0300690	3	1802	FBgn0031208	CG11023	0.000000	0.000000 	*
51	2L	+	7529	9484	FBtr0330654	2	1844	FBgn0031208	CG11023	0.000000	0.000000 	*
52	2L	-	9839	18570	FBtr0078170	9	5248	FBgn0002121	l(2)gl	52.015907	78.173882 	P08111
53	2L	-	9839	18570	FBtr0078171	10	5391	FBgn0002121	l(2)gl	0.132570	0.199237 	P08111
54	2L	-	9839	21376	FBtr0078166	9	5155	FBgn0002121	l(2)gl	3.704314	5.567155 	P08111
55	2L	-	9839	21376	FBtr0078167	9	5230	FBgn0002121	l(2)gl	0.000000	0.000000 	P08111
56	2L	-	9839	21376	FBtr0078168	9	5225	FBgn0002121	l(2)gl	0.000000	0.000000 	P08111
57	2L	-	9839	21376	FBtr0078169	10	5082	FBgn0002121	l(2)gl	0.000000	0.000000 	P08111
58	2L	-	9839	21376	FBtr0306589	10	5315	FBgn0002121	l(2)gl	0.000000	0.000000 	P08111
59	2L	-	9839	21376	FBtr0306590	9	5179	FBgn0002121	l(2)gl	0.000000	0.000000 	P08111
60	2L	-	9839	21376	FBtr0306591	10	5390	FBgn0002121	l(2)gl	0.283763	0.426463 	P08111
61	2L	-	9839	21376	FBtr0306592	11	5528	FBgn0002121	l(2)gl	0.627299	0.942758 	P08111
62	2L	-	9839	21376	FBtr0330655	9	5281	FBgn0002121	l(2)gl	0.027748	0.041702 	P08111
63	2L	-	21823	25155	FBtr0113008	5	2629	FBgn0031209	Ir21a	0.000000	0.000000 	Q9VPI2
64	2L	+	21952	24237	FBtr0309810	2	2230	FBgn0263584	CR43609	0.733632	1.102564 	*
65	2L	-	25402	59268	FBtr0078163	13	4350	FBgn0051973	Cda5	0.013103	0.019692 	*
66	2L	-	25402	59268	FBtr0078164	14	7227	FBgn0051973	Cda5	0.019787	0.029738 	*
67	2L	-	25402	59268	FBtr0113416	13	4347	FBgn0051973	Cda5	0.000000	0.000000 	*
68	2L	-	25402	59268	FBtr0309225	11	6150	FBgn0051973	Cda5	0.000000	0.000000 	*
69	2L	-	25402	59268	FBtr0309227	12	3917	FBgn0051973	Cda5	0.000000	0.000000 	*
70	2L	-	25402	59268	FBtr0309228	14	7266	FBgn0051973	Cda5	0.022020	0.033094 	*
71	2L	-	25402	59268	FBtr0309229	15	7005	FBgn0051973	Cda5	0.000000	0.000000 	*
72	2L	-	25402	65404	FBtr0309226	14	6583	FBgn0051973	Cda5	0.000000	0.000000 	*
73	2L	+	65999	66242	FBtr0345732	1	244	FBgn0266878	CR45339	0.000000	0.000000 	*
74	2L	+	66318	66524	FBtr0345733	1	207	FBgn0266879	CR45340	0.000000	0.000000 	*
75	2L	+	66482	71390	FBtr0306539	7	4153	FBgn0067779	dbr	0.065859	0.098978 	*
76	2L	+	67043	71081	FBtr0306536	5	3731	FBgn0067779	dbr	9.957941	14.965632 	*
77	2L	+	67043	71081	FBtr0306538	6	3454	FBgn0067779	dbr	0.000000	0.000000 	*
78	2L	+	67043	71390	FBtr0078100	5	4040	FBgn0067779	dbr	25.854113	38.855736 	*
79	2L	+	67043	71390	FBtr0306537	6	3789	FBgn0067779	dbr	0.000000	0.000000 	*
80	2L	-	71039	73836	FBtr0344052	1	2798	FBgn0266322	CR44987	1.648569	2.477608 	*
81	2L	-	71039	73836	FBtr0344053	2	2686	FBgn0266322	CR44987	0.000000	0.000000 	*
82	2L	+	71757	76211	FBtr0306540	4	1430	FBgn0031213	galectin	0.000000	0.000000 	*
83	2L	+	72387	76211	FBtr0078101	3	1841	FBgn0031213	galectin	8.620264	12.955258 	*
84	2L	+	73485	76211	FBtr0302164	3	1458	FBgn0031213	galectin	11.460792	17.224241 	*
85	2L	+	73485	76211	FBtr0331680	4	1536	FBgn0031213	galectin	0.000000	0.000000 	*
86	2L	+	74129	76211	FBtr0301733	3	1694	FBgn0031213	galectin	5.769994	8.671632 	*
87	2L	+	76348	77783	FBtr0306541	2	1378	FBgn0031214	CG11374	0.000000	0.000000 	*
88	2L	-	82421	87387	FBtr0290323	2	2225	FBgn0002931	net	0.000000	0.000000 	*
89	2L	-	82984	87387	FBtr0330637	2	1662	FBgn0002931	net	0.000000	0.000000 	*
90	2L	+	94739	102086	FBtr0078103	12	6476	FBgn0031216	Zir	16.077053	24.161947 	*
91	2L	+	102380	104142	FBtr0078104	3	1583	FBgn0031217	CG11377	23.298800	35.015396 	*
92	2L	+	102380	104142	FBtr0330636	3	1221	FBgn0031217	CG11377	0.000000	0.000000 	*
93	2L	-	103962	106732	FBtr0301452	5	2551	FBgn0026787	Nhe1	15.168414	22.796368 	*
94	2L	+	106903	114432	FBtr0089437	8	2387	FBgn0005278	Sam-S	0.000000	0.000000 	P40320
95	2L	+	107761	111337	FBtr0308091	4	961	FBgn0005278	Sam-S	0.247150	0.371438 	P40320
96	2L	+	107761	114210	FBtr0089428	8	2184	FBgn0005278	Sam-S	9.977616	14.995201 	P40320
97	2L	+	107761	114432	FBtr0089429	7	2293	FBgn0005278	Sam-S	0.000000	0.000000 	P40320
98	2L	+	107761	114432	FBtr0330656	6	2298	FBgn0005278	Sam-S	0.000000	0.000000 	P40320
99	2L	+	107937	114210	FBtr0089432	7	2283	FBgn0005278	Sam-S	4.954450	7.445964 	P40320
100	2L	+	107937	114432	FBtr0089430	7	2380	FBgn0005278	Sam-S	22.786974	34.246181 	P40320
101	2L	+	107937	114432	FBtr0089431	7	2380	FBgn0005278	Sam-S	17.819120	26.780073 	P40320
102	2L	+	108089	114432	FBtr0089433	7	2353	FBgn0005278	Sam-S	49.708302	74.705818 	P40320
103	2L	+	108133	114432	FBtr0089434	7	2429	FBgn0005278	Sam-S	63.226383	95.021927 	P40320
104	2L	+	108133	114432	FBtr0089435	7	2309	FBgn0005278	Sam-S	43.201317	64.926575 	P40320
105	2L	+	109594	114210	FBtr0089436	6	1971	FBgn0005278	Sam-S	0.000000	0.000000 	P40320
106	2L	+	114726	156030	FBtr0306542	3	657	FBgn0031228	CG11455	4.160506	6.252759 	*
107	2L	+	114726	156030	FBtr0330638	3	678	FBgn0031228	CG11455	0.000000	0.000000 	*
108	2L	+	114726	156030	FBtr0330639	3	586	FBgn0031228	CG11455	0.000000	0.000000 	*
109	2L	-	115365	116182	FBtr0336838	1	818	FBgn0031219	CG13694	0.000000	0.000000 	*
110	2L	-	115365	116488	FBtr0078160	1	1124	FBgn0031219	CG13694	0.000000	0.000000 	*
111	2L	-	116970	120631	FBtr0100307	10	2749	FBgn0031220	CG4822	0.000000	0.000000 	*
112	2L	-	117079	120631	FBtr0078157	11	2742	FBgn0031220	CG4822	0.000000	0.000000 	*
113	2L	-	117079	120631	FBtr0100308	9	2885	FBgn0031220	CG4822	0.000000	0.000000 	*
114	2L	-	117079	120631	FBtr0100309	9	2597	FBgn0031220	CG4822	0.000000	0.000000 	*
115	2L	-	117079	120631	FBtr0330646	9	2457	FBgn0031220	CG4822	0.000000	0.000000 	*
116	2L	-	117079	120742	FBtr0078158	10	2656	FBgn0031220	CG4822	0.000000	0.000000 	*
117	2L	-	117079	121754	FBtr0078156	10	2456	FBgn0031220	CG4822	0.000000	0.000000 	*
118	2L	-	117079	121754	FBtr0078159	9	4008	FBgn0031220	CG4822	0.000000	0.000000 	*
119	2L	-	117174	120631	FBtr0100310	9	2505	FBgn0031220	CG4822	0.000000	0.000000 	*
120	2L	-	122624	129245	FBtr0078154	8	2778	FBgn0025683	CG3164	3.135655	4.712526 	*
121	2L	-	122624	129245	FBtr0100379	7	2864	FBgn0025683	CG3164	13.310039	20.003447 	*
122	2L	-	122624	130791	FBtr0078153	9	2759	FBgn0025683	CG3164	0.000000	0.000000 	*
123	2L	-	122624	130791	FBtr0078155	8	2845	FBgn0025683	CG3164	0.650967	0.978328 	*
124	2L	+	122837	124031	FBtr0344032	3	1062	FBgn0266304	CR44969	0.000000	0.000000 	*
125	2L	+	132077	133995	FBtr0300568	2	1699	FBgn0001142	Gs1	157.037704	236.009476 	P20477
126	2L	+	132077	134472	FBtr0078114	2	2176	FBgn0001142	Gs1	2.023694	3.041378 	P20477
127	2L	+	132077	134472	FBtr0078115	1	2396	FBgn0001142	Gs1	2.445062	3.674645 	P20477
128	2L	+	135402	136128	FBtr0336836	1	727	FBgn0265074	CR44185	0.000000	0.000000 	*
129	2L	+	136144	136701	FBtr0336837	2	502	FBgn0265075	CR44186	0.000000	0.000000 	*
130	2L	-	138384	139588	FBtr0346127	4	1014	FBgn0051976	CG31976	0.000000	0.000000 	*
131	2L	-	138384	140992	FBtr0302194	6	2206	FBgn0051976	CG31976	0.000000	0.000000 	*
132	2L	-	138384	140992	FBtr0302196	6	2206	FBgn0051975	CG31975	0.000000	0.000000 	*
133	2L	-	139446	140992	FBtr0302195	3	1335	FBgn0051975	CG31975	0.000000	0.000000 	*
134	2L	-	141077	142572	FBtr0330644	3	1380	FBgn0051974	CG31974	0.000000	0.000000 	*
135	2L	-	141077	143091	FBtr0300987	4	1838	FBgn0051974	CG31974	0.000000	0.000000 	*
136	2L	-	141077	143091	FBtr0330645	3	1908	FBgn0051974	CG31974	0.062893	0.094521 	*
137	2L	+	143323	144227	FBtr0078116	1	905	FBgn0031224	CG11454	20.153591	30.288513 	*
138	2L	-	144231	153300	FBtr0301929	9	5305	FBgn0259818	CG42399	0.417919	0.628084 	*
139	2L	-	144231	153300	FBtr0330643	9	5299	FBgn0259818	CG42399	0.000000	0.000000 	*
140	2L	-	153539	155305	FBtr0078147	2	1699	FBgn0031227	CG3709	10.618599	15.958525 	Q9VPK7
141	2L	+	155089	156030	FBtr0330641	2	869	FBgn0031228	CG11455	3.941951	5.924295 	*
142	2L	+	155089	156030	FBtr0330642	3	798	FBgn0031228	CG11455	0.000000	0.000000 	*
143	2L	+	155335	156030	FBtr0078117	3	486	FBgn0031228	CG11455	39.760990	59.756161 	*
144	2L	+	155335	156030	FBtr0078118	2	623	FBgn0031228	CG11455	3.841429	5.773223 	*
145	2L	+	155335	156030	FBtr0301886	3	568	FBgn0031228	CG11455	0.000000	0.000000 	*
146	2L	+	155335	156030	FBtr0301887	3	507	FBgn0031228	CG11455	0.000000	0.000000 	*
147	2L	+	155335	156030	FBtr0330640	3	415	FBgn0031228	CG11455	0.000000	0.000000 	*
148	2L	+	156029	157666	FBtr0340650	3	1381	FBgn0031229	CG3436	0.118692	0.178380 	*
149	2L	+	156149	157666	FBtr0078119	3	1261	FBgn0031229	CG3436	59.001656	88.672653 	*
150	2L	-	157836	158664	FBtr0091612	2	769	FBgn0053635	CG33635	8.677504	13.041284 	*
151	2L	+	159032	201588	FBtr0078122	12	17880	FBgn0016977	spen	0.000000	0.000000 	Q8SX83
152	2L	+	159032	201588	FBtr0306341	13	17963	FBgn0016977	spen	0.000000	0.000000 	Q8SX83
153	2L	+	159032	201588	FBtr0330652	14	20622	FBgn0016977	spen	0.000000	0.000000 	Q8SX83
154	2L	+	159032	203250	FBtr0332336	14	19571	FBgn0016977	spen	0.000000	0.000000 	Q8SX83
155	2L	+	159032	203397	FBtr0078121	11	19604	FBgn0016977	spen	0.000000	0.000000 	Q8SX83
156	2L	+	182820	201588	FBtr0332337	11	17143	FBgn0016977	spen	25.555059	38.406292 	Q8SX83
157	2L	+	182820	203250	FBtr0078123	10	18859	FBgn0016977	spen	5.135912	7.718680 	Q8SX83
158	2L	+	182820	203250	FBtr0330653	11	18434	FBgn0016977	spen	0.608668	0.914758 	Q8SX83
159	2L	+	203779	204782	FBtr0078124	2	903	FBgn0031231	mRpL10	56.590252	85.048592 	Q9VPL3
160	2L	-	204743	206797	FBtr0308246	4	1290	FBgn0031232	CG11617	0.247406	0.371823 	*
161	2L	-	204743	207297	FBtr0078146	4	1259	FBgn0031232	CG11617	0.000000	0.000000 	*
162	2L	+	207179	210506	FBtr0332338	3	3129	FBgn0031233	Tbc1d15-17	0.013742	0.020653 	*
163	2L	+	207406	210506	FBtr0078125	3	2902	FBgn0031233	Tbc1d15-17	21.793367	32.752907 	*
164	2L	+	207406	210725	FBtr0332339	3	3121	FBgn0031233	Tbc1d15-17	4.371565	6.569956 	*
165	2L	-	210735	221962	FBtr0078145	7	8225	FBgn0266557	kis	6.976077	10.484236 	*
166	2L	-	210735	250823	FBtr0078144	18	17943	FBgn0266557	kis	31.375711	47.154060 	*
167	2L	-	210735	250823	FBtr0299837	17	18528	FBgn0266557	kis	19.874002	29.868324 	*
168	2L	-	210735	250823	FBtr0308253	19	18006	FBgn0266557	kis	0.351752	0.528642 	*
169	2L	-	210735	250823	FBtr0308254	17	17733	FBgn0266557	kis	0.000000	0.000000 	*
170	2L	-	210735	250823	FBtr0308255	17	17731	FBgn0266557	kis	3.789254	5.694809 	*
171	2L	+	219651	220050	FBtr0336984	1	400	FBgn0265151	CR44220	0.000000	0.000000 	*
172	2L	+	223519	224708	FBtr0336985	1	1190	FBgn0265153	CR44222	0.000000	0.000000 	*
173	2L	+	228037	228588	FBtr0336986	1	552	FBgn0265152	CR44221	0.000000	0.000000 	*
174	2L	-	232166	232253	FBtr0309764	1	88	FBgn0263465	snoRNA:kis-a	0.000000	0.000000 	*
175	2L	+	232487	234208	FBtr0078126	2	1660	FBgn0031235	CG13693	0.000000	0.000000 	*
176	2L	-	243035	243141	FBtr0304343	1	107	FBgn0262252	mir-965	0.000000	0.000000 	*
177	2L	-	243055	243076	FBtr0304344	1	22	FBgn0262252	mir-965	0.000000	0.000000 	*
178	2L	+	248909	249812	FBtr0336987	1	904	FBgn0265149	CR44218	0.037611	0.056525 	*
179	2L	-	251039	252373	FBtr0336990	5	1105	FBgn0022246	Rpp30	0.131213	0.197198 	*
180	2L	-	251163	252373	FBtr0078143	5	981	FBgn0022246	Rpp30	4.459745	6.702480 	*
181	2L	-	252589	254750	FBtr0336989	5	1799	FBgn0031238	CG3645	0.000000	0.000000 	*
182	2L	-	252589	271744	FBtr0078140	5	1726	FBgn0031238	CG3645	12.122827	18.219204 	*
183	2L	-	252589	271744	FBtr0078141	5	1753	FBgn0031238	CG3645	0.000000	0.000000 	*
184	2L	-	259949	267505	FBtr0308252	1	7557	FBgn0031239	CG17075	0.000000	0.000000 	*
185	2L	+	262203	263003	FBtr0336988	2	754	FBgn0265150	CR44219	0.000000	0.000000 	*
186	2L	-	263466	267505	FBtr0078142	1	4040	FBgn0031239	CG17075	0.000000	0.000000 	*
187	2L	+	269088	271626	FBtr0078127	3	2417	FBgn0031240	CG3345	0.000000	0.000000 	*
188	2L	-	271912	273715	FBtr0078139	2	1756	FBgn0086912	mbm	63.476078	95.397186 	Q9VPM5
189	2L	+	273836	274694	FBtr0343777	1	859	FBgn0086856	CG11555	0.000000	0.000000 	*
190	2L	+	273937	274766	FBtr0078128	1	830	FBgn0086856	CG11555	46.895180	70.478020 	*
191	2L	-	274740	277212	FBtr0300804	4	2110	FBgn0086855	CG17078	17.681686	26.573526 	*
192	2L	-	274740	277212	FBtr0330648	4	2104	FBgn0086855	CG17078	0.000000	0.000000 	*
193	2L	-	274740	277212	FBtr0330649	4	2095	FBgn0086855	CG17078	0.000000	0.000000 	*
194	2L	-	274740	278234	FBtr0330650	4	3132	FBgn0086855	CG17078	0.959016	1.441290 	*
195	2L	+	277582	282167	FBtr0078129	6	4008	FBgn0003444	smo	25.861240	38.866447 	P91682
196	2L	-	281670	283195	FBtr0343780	2	1378	FBgn0031244	CG11601	11.307073	16.993219 	*
197	2L	-	281971	283195	FBtr0343779	2	1077	FBgn0031244	CG11601	0.000000	0.000000 	*
198	2L	-	281971	283269	FBtr0078137	2	1151	FBgn0031244	CG11601	0.000000	0.000000 	*
199	2L	-	283385	285726	FBtr0078136	3	1341	FBgn0031245	CG3625	7.394482	11.113050 	*
200	2L	-	283385	291795	FBtr0113009	4	1455	FBgn0031245	CG3625	0.000000	0.000000 	*
201	2L	-	283385	291795	FBtr0343778	4	1401	FBgn0031245	CG3625	0.000000	0.000000 	*
202	2L	-	283662	286531	FBtr0078135	3	995	FBgn0031245	CG3625	0.000000	0.000000 	*
203	2L	-	287252	288932	FBtr0078134	1	1681	FBgn0025686	Amnionless	0.000000	0.000000 	Q9VPN2
204	2L	-	287252	289144	FBtr0330647	1	1893	FBgn0025686	Amnionless	0.000000	0.000000 	Q9VPN2
205	2L	+	292419	293222	FBtr0078130	2	748	FBgn0031247	CG11562	31.594856	47.483410 	*
206	2L	-	292959	294681	FBtr0333408	2	1655	FBgn0017457	U2af38	0.710479	1.067768 	Q94535
207	2L	-	293353	294681	FBtr0078133	2	1261	FBgn0017457	U2af38	82.120872	123.418159 	Q94535
208	2L	+	295122	297449	FBtr0078131	4	2023	FBgn0024352	Hop	150.309952	225.898438 	*
209	2L	+	297880	303934	FBtr0331205	3	3319	FBgn0020622	Pi3K21B	27.485079	41.306889 	*
210	2L	+	297880	305233	FBtr0331208	3	4618	FBgn0020622	Pi3K21B	0.803770	1.207973 	*
211	2L	+	301706	305233	FBtr0331206	1	3528	FBgn0020622	Pi3K21B	0.603517	0.907016 	*
212	2L	+	301706	305233	FBtr0331207	2	3447	FBgn0020622	Pi3K21B	0.000000	0.000000 	*
213	2L	+	305935	346255	FBtr0078047	17	5486	FBgn0004611	Plc21C	8.379702	12.593720 	P25455
214	2L	+	305935	346255	FBtr0330673	16	5300	FBgn0004611	Plc21C	9.885758	14.857150 	P25455
215	2L	+	305935	355566	FBtr0078049	18	7347	FBgn0004611	Plc21C	0.000838	0.001259 	P25455
216	2L	-	308537	309348	FBtr0329830	2	658	FBgn0263872	CR43719	0.000000	0.000000 	*
217	2L	-	308537	309348	FBtr0344144	1	812	FBgn0263872	CR43719	0.000000	0.000000 	*
218	2L	+	310200	346255	FBtr0330674	17	5419	FBgn0004611	Plc21C	0.000000	0.000000 	P25455
219	2L	+	310200	346541	FBtr0078048	17	5723	FBgn0004611	Plc21C	0.000000	0.000000 	P25455
220	2L	+	310200	347927	FBtr0078050	17	7127	FBgn0004611	Plc21C	0.000000	0.000000 	P25455
221	2L	-	318362	319259	FBtr0078099	1	898	FBgn0031248	CG11912	0.000000	0.000000 	*
222	2L	-	320279	321248	FBtr0078098	1	970	FBgn0031249	CG11911	0.000000	0.000000 	*
223	2L	+	322101	323091	FBtr0078052	1	991	FBgn0053127	CG33127	0.000000	0.000000 	*
224	2L	-	325522	329761	FBtr0330695	2	1709	FBgn0264086	CG43755	0.065535	0.098492 	*
225	2L	-	327429	329761	FBtr0330696	1	2333	FBgn0264086	CG43755	0.000000	0.000000 	*
226	2L	-	329910	332335	FBtr0078096	1	2426	FBgn0051921	CG31921	0.000000	0.000000 	*
227	2L	-	355565	357874	FBtr0078094	4	1972	FBgn0031250	Ent1	19.406694	29.166014 	*
228	2L	-	355565	357874	FBtr0078095	5	1923	FBgn0031250	Ent1	0.000000	0.000000 	*
229	2L	-	355565	357874	FBtr0330651	5	1905	FBgn0031250	Ent1	0.000000	0.000000 	*
230	2L	+	355663	356891	FBtr0345774	1	1229	FBgn0266907	CR45367	0.000000	0.000000 	*
231	2L	+	357329	358174	FBtr0345775	1	846	FBgn0266906	CR45366	0.000000	0.000000 	*
232	2L	+	378112	387439	FBtr0078053	5	1806	FBgn0000061	al	0.000000	0.000000 	Q06453
233	2L	+	396120	396571	FBtr0329831	1	452	FBgn0263871	CR43718	0.000000	0.000000 	*
234	2L	-	396595	402054	FBtr0331204	5	4292	FBgn0031251	CG4213	0.000000	0.000000 	*
235	2L	-	396595	402198	FBtr0078093	5	4436	FBgn0031251	CG4213	0.000000	0.000000 	*
236	2L	+	404285	407969	FBtr0078054	3	3564	FBgn0003278	RpI135	11.448092	17.205156 	P20028
237	2L	-	408030	414777	FBtr0089488	9	4711	FBgn0264855	AP-2alpha	60.463806	90.870094 	P91926
238	2L	-	408876	412885	FBtr0089489	8	3432	FBgn0264855	AP-2alpha	0.008450	0.012699 	P91926
239	2L	+	415067	418536	FBtr0078055	3	3327	FBgn0263933	ebi	80.964226	121.679848 	Q95RJ9
240	2L	-	418434	419652	FBtr0078090	1	1219	FBgn0031252	CG13690	44.666939	67.129234 	Q9VPP5
241	2L	+	419952	420697	FBtr0078056	2	601	FBgn0002593	RpLP1	1137.695190	1709.823975 	P08570
242	2L	+	419952	420864	FBtr0331932	2	768	FBgn0002593	RpLP1	0.845354	1.270469 	P08570
243	2L	-	420895	421450	FBtr0078089	1	556	FBgn0031253	CG11885	26.580935	39.948067 	*
244	2L	+	421771	422489	FBtr0078057	2	665	FBgn0031254	CG13692	0.000000	0.000000 	*
245	2L	+	422873	425321	FBtr0078058	4	2259	FBgn0031255	BBS8	0.000000	0.000000 	*
246	2L	+	431227	448701	FBtr0078059	6	6672	FBgn0004583	ex	0.597122	0.897405 	Q07436
247	2L	+	431227	448701	FBtr0329832	6	6454	FBgn0004583	ex	0.000000	0.000000 	Q07436
248	2L	+	439539	440104	FBtr0329833	1	566	FBgn0263870	CR43717	0.000000	0.000000 	*
249	2L	-	448254	453024	FBtr0078087	5	2775	FBgn0015924	crq	48.391338	72.726578 	Q27367
250	2L	-	448254	453024	FBtr0331233	6	2714	FBgn0015924	crq	2.506879	3.767549 	Q27367
251	2L	-	448716	451302	FBtr0304741	5	1938	FBgn0015924	crq	0.000000	0.000000 	Q27367
252	2L	-	448716	452752	FBtr0331232	5	2041	FBgn0015924	crq	19.887455	29.888540 	Q27367
253	2L	-	448716	453024	FBtr0078088	6	2063	FBgn0015924	crq	0.000000	0.000000 	Q27367
254	2L	+	453108	454654	FBtr0078060	2	1488	FBgn0031256	CG4164	42.120071	63.301590 	Q9VPQ2
255	2L	+	454754	455313	FBtr0305350	2	501	FBgn0262510	CR43080	19.636061	29.510723 	*
256	2L	+	455531	458745	FBtr0078061	7	2629	FBgn0031257	CG4133	0.000000	0.000000 	*
257	2L	+	455531	458745	FBtr0331230	8	2554	FBgn0031257	CG4133	0.000000	0.000000 	*
258	2L	+	455531	458745	FBtr0331231	7	2642	FBgn0031257	CG4133	0.060560	0.091015 	*
259	2L	-	458876	471555	FBtr0310035	2	6224	FBgn0031258	CG4297	0.000000	0.000000 	*
260	2L	-	458876	472200	FBtr0310034	2	6869	FBgn0031258	CG4297	0.098995	0.148778 	*
261	2L	+	473013	476170	FBtr0078062	7	2592	FBgn0027592	MED15	35.355297	53.134914 	Q9Y149
262	2L	+	476220	540532	FBtr0333012	8	4242	FBgn0003963	ush	0.000000	0.000000 	Q9VPQ6
263	2L	+	476220	540532	FBtr0333013	9	6084	FBgn0003963	ush	0.275312	0.413762 	Q9VPQ6
264	2L	-	476446	479688	FBtr0078083	2	2041	FBgn0043364	cbt	29.945137	45.004070 	*
265	2L	-	476446	479688	FBtr0078084	1	3243	FBgn0043364	cbt	0.048713	0.073210 	*
266	2L	-	476446	479688	FBtr0310030	2	2361	FBgn0043364	cbt	0.000000	0.000000 	*
267	2L	+	490835	540532	FBtr0310027	8	4654	FBgn0003963	ush	0.000000	0.000000 	Q9VPQ6
268	2L	+	523466	540560	FBtr0078063	8	4752	FBgn0003963	ush	0.000000	0.000000 	Q9VPQ6
269	2L	+	523736	540560	FBtr0329895	8	4482	FBgn0003963	ush	0.000000	0.000000 	Q9VPQ6
270	2L	-	540599	542580	FBtr0310028	3	1363	FBgn0010602	lwr	0.692887	1.041329 	*
271	2L	-	541237	542580	FBtr0078082	2	1294	FBgn0010602	lwr	1.768269	2.657503 	*
272	2L	-	541393	542580	FBtr0078081	2	1109	FBgn0010602	lwr	101.307327	152.253174 	*
273	2L	-	541393	542580	FBtr0310029	2	1105	FBgn0010602	lwr	1.952034	2.933681 	*
274	2L	-	542786	544653	FBtr0078080	3	1736	FBgn0031260	Spp	50.201038	75.446342 	*
275	2L	-	544925	552454	FBtr0344014	4	4461	FBgn0005660	Ets21C	0.000000	0.000000 	P29776
276	2L	+	545129	547096	FBtr0078064	4	1532	FBgn0031261	nAChRbeta3	0.000000	0.000000 	*
277	2L	-	547016	549502	FBtr0112854	3	1603	FBgn0005660	Ets21C	0.000000	0.000000 	P29776
278	2L	-	547016	552454	FBtr0078079	3	2423	FBgn0005660	Ets21C	0.000000	0.000000 	P29776
279	2L	-	547016	552923	FBtr0345429	3	2892	FBgn0005660	Ets21C	0.000000	0.000000 	P29776
280	2L	-	553742	559079	FBtr0078078	6	5024	FBgn0260933	rempA	0.000000	0.000000 	*
281	2L	-	553742	560310	FBtr0303763	6	5308	FBgn0260933	rempA	0.337227	0.506813 	*
282	2L	+	559612	560523	FBtr0078066	2	853	FBgn0031263	CG2789	10.686987	16.061304 	*
283	2L	-	560568	563347	FBtr0078076	2	2716	FBgn0031264	CG11835	0.000000	0.000000 	*
284	2L	-	560568	563347	FBtr0332341	2	2693	FBgn0031264	CG11835	0.000000	0.000000 	*
285	2L	-	560568	563347	FBtr0332342	1	2780	FBgn0031264	CG11835	0.028777	0.043248 	*
286	2L	-	560568	563819	FBtr0345577	2	3183	FBgn0031264	CG11835	0.000000	0.000000 	*
287	2L	+	564163	566472	FBtr0078067	1	2310	FBgn0031265	CG2794	8.132136	12.221659 	*
288	2L	-	566366	568121	FBtr0078075	4	1584	FBgn0021874	Nle	0.853535	1.282764 	Q9VPR4
289	2L	+	568340	572716	FBtr0078068	3	4155	FBgn0031266	CG2807	30.877977	46.406021 	*
290	2L	+	568340	572907	FBtr0332340	3	4346	FBgn0031266	CG2807	1.163140	1.748065 	*
291	2L	-	573033	574264	FBtr0078074	1	1232	FBgn0031267	Ipk2	18.322241	27.536207 	*
292	2L	+	574291	575734	FBtr0310022	4	1032	FBgn0031268	cold	0.000000	0.000000 	*
293	2L	+	574508	575734	FBtr0078069	3	1093	FBgn0031268	cold	28.185726	42.359882 	*
294	2L	-	575711	576550	FBtr0333746	3	673	FBgn0013323	Ptth	0.000000	0.000000 	*
295	2L	-	575711	576550	FBtr0346726	2	782	FBgn0013323	Ptth	0.000000	0.000000 	*
296	2L	-	575711	576896	FBtr0346650	3	1019	FBgn0013323	Ptth	0.000000	0.000000 	*
297	2L	+	577486	579549	FBtr0078070	3	1880	FBgn0023489	Pph13	0.000000	0.000000 	*
298	2L	-	583544	594685	FBtr0343220	3	2362	FBgn0010323	Gsc	0.000000	0.000000 	P54366
299	2L	-	583544	594685	FBtr0343221	3	2362	FBgn0010323	Gsc	0.000000	0.000000 	P54366
300	2L	+	602813	603562	FBtr0078071	2	683	FBgn0031270	CG13689	10.172345	15.287856 	*
301	2L	+	602813	604430	FBtr0310023	2	1494	FBgn0031270	CG13689	0.026966	0.040527 	*
302	2L	+	605914	606412	FBtr0343219	1	499	FBgn0263657	CR43648	0.000000	0.000000 	*
303	2L	-	608340	609134	FBtr0310101	1	795	FBgn0263658	CR43649	0.000000	0.000000 	*
304	2L	-	620298	621201	FBtr0308305	1	904	FBgn0040106	lectin-21Cb	0.000000	0.000000 	*
305	2L	+	623107	623665	FBtr0343248	1	559	FBgn0266032	CR44797	0.000000	0.000000 	*
306	2L	-	623900	624323	FBtr0343250	1	424	FBgn0266033	CR44798	0.000000	0.000000 	*
307	2L	+	624617	625556	FBtr0077998	1	940	FBgn0040107	lectin-21Ca	0.000000	0.000000 	*
308	2L	+	625652	628200	FBtr0077999	1	2549	FBgn0031273	CG2839	0.000000	0.000000 	*
309	2L	+	628729	629052	FBtr0345777	1	324	FBgn0266909	CR45369	0.000000	0.000000 	*
310	2L	-	640013	714983	FBtr0078045	12	12427	FBgn0000497	ds	0.000000	0.000000 	*
311	2L	-	640306	714983	FBtr0343249	12	12134	FBgn0000497	ds	0.000000	0.000000 	*
312	2L	+	710568	715307	FBtr0344054	2	549	FBgn0266323	CR44988	0.000000	0.000000 	*
313	2L	+	728362	730564	FBtr0078000	1	2203	FBgn0011244	Hsp60B	0.000000	0.000000 	Q9VPS5
314	2L	-	737212	741791	FBtr0301316	6	3398	FBgn0026438	Eaat2	0.000000	0.000000 	*
315	2L	-	737212	744395	FBtr0078043	8	3057	FBgn0026438	Eaat2	0.000000	0.000000 	*
316	2L	-	737212	744395	FBtr0301317	8	3169	FBgn0026438	Eaat2	0.000000	0.000000 	*
317	2L	+	749945	762142	FBtr0343785	11	5991	FBgn0031275	GABA-B-R3	0.869574	1.306869 	*
318	2L	+	750609	762142	FBtr0308257	11	5730	FBgn0031275	GABA-B-R3	0.000000	0.000000 	*
319	2L	+	750609	762399	FBtr0343787	11	5987	FBgn0031275	GABA-B-R3	0.000000	0.000000 	*
320	2L	+	752800	757520	FBtr0301439	6	2359	FBgn0031275	GABA-B-R3	0.000000	0.000000 	*
321	2L	+	752800	762142	FBtr0078001	10	5466	FBgn0031275	GABA-B-R3	0.000000	0.000000 	*
322	2L	+	752800	762142	FBtr0343786	10	5633	FBgn0031275	GABA-B-R3	0.000000	0.000000 	*
323	2L	+	752800	762142	FBtr0346526	10	5800	FBgn0031275	GABA-B-R3	0.000000	0.000000 	*
324	2L	+	772514	773093	FBtr0342660	1	580	FBgn0265825	CR44614	0.000000	0.000000 	*
325	2L	+	773547	774017	FBtr0078003	1	471	FBgn0031276	CG12506	0.000000	0.000000 	*
326	2L	+	776536	776941	FBtr0078004	1	406	FBgn0040725	CG13946	0.000000	0.000000 	*
327	2L	+	779173	779655	FBtr0078005	1	483	FBgn0031277	CG13947	0.000000	0.000000 	*
328	2L	+	780482	782885	FBtr0078006	4	2220	FBgn0041250	Gr21a	0.000000	0.000000 	Q9VPT1
329	2L	+	781276	782885	FBtr0331651	4	1426	FBgn0041250	Gr21a	0.000000	0.000000 	Q9VPT1
330	2L	+	784336	786158	FBtr0078007	1	1823	FBgn0031279	CG3544	0.000000	0.000000 	*
331	2L	+	784336	788776	FBtr0331652	2	4359	FBgn0031279	CG3544	0.000000	0.000000 	*
332	2L	-	786153	790798	FBtr0078042	5	2583	FBgn0000442	Pkg21D	0.000000	0.000000 	Q03042
333	2L	+	799856	800323	FBtr0345453	1	468	FBgn0266797	CR45259	0.000000	0.000000 	*
334	2L	+	810577	811531	FBtr0078008	4	783	FBgn0051658	Nnf1b	20.422733	30.693003 	*
335	2L	+	811584	813380	FBtr0078009	2	1732	FBgn0086130	Dbp21E2	21.435177	32.214588 	*
336	2L	-	813314	815950	FBtr0078041	5	2416	FBgn0031281	Saf6	9.952100	14.956852 	*
337	2L	-	813314	815950	FBtr0332974	5	2407	FBgn0031281	Saf6	0.000000	0.000000 	*
338	2L	+	815993	817032	FBtr0078010	1	1040	FBgn0031282	Pex12	0.000000	0.000000 	Q9VPT5
339	2L	+	815993	818096	FBtr0332972	1	2104	FBgn0031282	Pex12	0.683460	1.027161 	Q9VPT5
340	2L	-	816994	817950	FBtr0078040	2	896	FBgn0031283	CG15880	0.000000	0.000000 	*
341	2L	-	818079	819508	FBtr0078039	2	1370	FBgn0031284	CG3876	14.918248	22.420399 	Q9VPT7
342	2L	+	819964	821209	FBtr0078011	1	1246	FBgn0015621	Clp	20.195024	30.350782 	Q9VPT8
343	2L	+	821289	824337	FBtr0305507	4	1731	FBgn0031285	CG3662	0.000000	0.000000 	*
344	2L	+	821422	824337	FBtr0078012	3	1651	FBgn0031285	CG3662	32.715828	49.168098 	*
345	2L	+	821422	824337	FBtr0100469	2	2849	FBgn0031285	CG3662	0.810161	1.217578 	*
346	2L	+	821422	824337	FBtr0301908	4	1570	FBgn0031285	CG3662	16.570078	24.902908 	*
347	2L	-	824329	825861	FBtr0078038	1	1533	FBgn0031286	CG3862	4.217221	6.337995 	*
348	2L	+	825969	832331	FBtr0332973	6	2825	FBgn0010583	dock	26.906897	40.437946 	*
349	2L	+	825969	833241	FBtr0078013	6	3735	FBgn0010583	dock	1.929591	2.899952 	*
350	2L	+	825969	833241	FBtr0078014	6	3618	FBgn0010583	dock	0.000000	0.000000 	*
351	2L	+	825969	833241	FBtr0078015	6	3583	FBgn0010583	dock	0.000000	0.000000 	*
352	2L	-	833584	842943	FBtr0302121	6	3143	FBgn0020304	drongo	0.000000	0.000000 	*
353	2L	-	833584	851071	FBtr0302120	6	3986	FBgn0020304	drongo	0.000000	0.000000 	*
354	2L	-	833584	851071	FBtr0302612	5	3518	FBgn0020304	drongo	23.406073	35.176613 	*
355	2L	-	833587	842943	FBtr0078037	5	2672	FBgn0020304	drongo	0.000000	0.000000 	*
356	2L	-	834867	851071	FBtr0334763	4	2625	FBgn0020304	drongo	0.554072	0.832706 	*
357	2L	+	850702	851163	FBtr0334793	1	462	FBgn0264869	CR44060	0.000000	0.000000 	*
358	2L	-	851251	852730	FBtr0334797	4	1310	FBgn0031287	CG4291	0.023293	0.035007 	*
359	2L	-	851316	852730	FBtr0078034	4	1245	FBgn0031287	CG4291	9.473483	14.237547 	*
360	2L	+	852768	854539	FBtr0078016	3	1320	FBgn0020545	kraken	0.031624	0.047527 	O18391
361	2L	+	852848	854539	FBtr0334794	3	1240	FBgn0020545	kraken	39.214722	58.935184 	O18391
362	2L	+	855337	856236	FBtr0078017	3	780	FBgn0031288	CG13949	0.000000	0.000000 	*
363	2L	+	855471	856236	FBtr0334795	3	646	FBgn0031288	CG13949	0.000000	0.000000 	*
364	2L	+	855471	856639	FBtr0334796	3	1049	FBgn0031288	CG13949	0.000000	0.000000 	*
365	2L	+	857403	857795	FBtr0345741	1	393	FBgn0266884	CR45345	0.000000	0.000000 	*
366	2L	+	857542	857632	FBtr0304182	1	91	FBgn0262177	mir-375	0.000000	0.000000 	*
367	2L	+	857596	857617	FBtr0304183	1	22	FBgn0262177	mir-375	0.000000	0.000000 	*
368	2L	+	860309	861806	FBtr0078018	3	1073	FBgn0031289	CG13950	0.000000	0.000000 	*
369	2L	-	861849	865861	FBtr0078033	7	2922	FBgn0029095	aru	0.000000	0.000000 	*
370	2L	-	861849	868013	FBtr0078032	6	2903	FBgn0029095	aru	0.013779	0.020708 	*
371	2L	-	861849	868354	FBtr0078031	6	3026	FBgn0029095	aru	1.143093	1.717936 	*
372	2L	-	865366	865493	FBtr0114307	1	128	FBgn0086031	snoRNA:Me28S-U1230	0.000000	0.000000 	*
373	2L	-	868673	869857	FBtr0078030	1	1185	FBgn0020305	dbe	43.593250	65.515602 	Q9VPU8
374	2L	+	870465	874149	FBtr0091487	5	2639	FBgn0053526	PNUTS	0.446461	0.670979 	*
375	2L	+	870465	877038	FBtr0091489	5	4818	FBgn0053526	PNUTS	2.438319	3.664511 	*
376	2L	+	870465	877038	FBtr0332000	6	4030	FBgn0053526	PNUTS	9.164507	13.773192 	*
377	2L	+	871095	874149	FBtr0091486	5	2731	FBgn0053526	PNUTS	0.000000	0.000000 	*
378	2L	-	877172	885141	FBtr0345634	15	7072	FBgn0031292	CG15824	0.000000	0.000000 	*
379	2L	+	877302	878270	FBtr0078023	2	871	FBgn0002936	ninaA	0.000000	0.000000 	P15425
380	2L	-	878181	885141	FBtr0332181	15	6063	FBgn0031292	CG15824	0.000000	0.000000 	*
381	2L	-	897453	898050	FBtr0345739	1	598	FBgn0266887	CR45348	0.000000	0.000000 	*
382	2L	+	898500	901316	FBtr0345738	2	2749	FBgn0002563	Lsp1beta	0.000000	0.000000 	P11996
383	2L	+	898644	901316	FBtr0078025	2	2605	FBgn0002563	Lsp1beta	0.000000	0.000000 	P11996
384	2L	-	901491	901654	FBtr0078028	1	164	FBgn0003916	snRNA:U1:21D	0.780081	1.172371 	*
385	2L	+	904029	904347	FBtr0345455	1	319	FBgn0266799	CR45261	0.000000	0.000000 	*
386	2L	-	912981	913305	FBtr0334798	1	325	FBgn0264870	CR44061	0.000000	0.000000 	*
387	2L	+	914086	917805	FBtr0336969	11	3004	FBgn0046113	GluRIIC	0.000000	0.000000 	*
388	2L	+	922793	958098	FBtr0077949	11	4160	FBgn0028481	CG4341	0.000000	0.000000 	Q9V3X5
389	2L	+	922793	958098	FBtr0305064	10	3801	FBgn0028481	CG4341	0.000000	0.000000 	Q9V3X5
390	2L	-	987899	991300	FBtr0343253	3	2917	FBgn0266036	CR44801	0.000000	0.000000 	*
391	2L	-	1008378	1048053	FBtr0301417	12	9821	FBgn0031294	IA-2	0.000000	0.000000 	*
392	2L	-	1011421	1034582	FBtr0332270	11	6648	FBgn0031294	IA-2	0.000000	0.000000 	*
393	2L	-	1011421	1043218	FBtr0301416	11	6722	FBgn0031294	IA-2	0.000000	0.000000 	*
394	2L	-	1026105	1026897	FBtr0077997	1	793	FBgn0031295	CG4375	0.000000	0.000000 	*
395	2L	+	1037246	1038533	FBtr0301087	1	1288	FBgn0031296	CG4415	0.031056	0.046674 	*
396	2L	+	1037246	1038685	FBtr0077951	2	1368	FBgn0031296	CG4415	0.000000	0.000000 	*
397	2L	-	1049674	1077815	FBtr0077993	5	5206	FBgn0003310	S	22.917595	34.442490 	P42519
398	2L	-	1051792	1077811	FBtr0077994	5	2267	FBgn0003310	S	0.000000	0.000000 	P42519
399	2L	+	1077948	1080803	FBtr0077952	3	2745	FBgn0015905	ast	19.004734	28.561913 	Q9VPW1
400	2L	+	1080911	1083378	FBtr0077953	5	2076	FBgn0031298	Atg4a	22.245665	33.432655 	*
401	2L	+	1080911	1085380	FBtr0332569	5	4075	FBgn0031298	Atg4a	0.000000	0.000000 	*
402	2L	-	1083091	1102504	FBtr0332570	9	3115	FBgn0031299	CG4629	0.000000	0.000000 	*
403	2L	-	1083248	1102504	FBtr0332571	8	2910	FBgn0031299	CG4629	0.000000	0.000000 	*
404	2L	-	1103254	1108373	FBtr0332273	8	4718	FBgn0261938	mtRNApol	13.429420	20.182863 	*
405	2L	-	1103483	1108373	FBtr0077989	8	4489	FBgn0261938	mtRNApol	0.000000	0.000000 	*
406	2L	+	1108540	1112694	FBtr0077954	7	3266	FBgn0031301	CG14339	0.000000	0.000000 	*
407	2L	+	1112941	1114138	FBtr0077955	4	1030	FBgn0031302	CG14340	0.000000	0.000000 	*
408	2L	-	1114654	1119031	FBtr0077988	4	2079	FBgn0016926	Pino	21.555332	32.395168 	Q9VPW8
409	2L	-	1114654	1119031	FBtr0332272	5	2130	FBgn0016926	Pino	0.000000	0.000000 	Q9VPW8
410	2L	-	1114654	1128953	FBtr0077987	5	1980	FBgn0016926	Pino	30.181551	45.359371 	Q9VPW8
